2025-07-31T20:51:04.6120020Z ##[group]Run ./scripts/run_task.sh build-test
2025-07-31T20:51:04.6121210Z [36;1m./scripts/run_task.sh build-test[0m
2025-07-31T20:51:04.7397980Z shell: /bin/bash -e {0}
2025-07-31T20:51:04.7398270Z env:
2025-07-31T20:51:04.7398510Z   TIMEOUT: 
2025-07-31T20:51:04.7398670Z ##[endgroup]
2025-07-31T20:51:06.0784770Z task: [build-test] ./scripts/build_test.sh
2025-07-31T20:51:06.1443390Z Using branch: 4589617
2025-07-31T20:51:27.1930880Z # github.com/ava-labs/subnet-evm/accounts/abi.test
2025-07-31T20:51:27.2049620Z ld: warning: '/private/var/folders/y6/nj790rtn62lfktb1sh__79hc0000gn/T/go-link-351734171/000014.o' has malformed LC_DYSYMTAB, expected 98 undefined symbols to start at index 1626, found 95 undefined symbols starting at index 1626
2025-07-31T20:51:28.3932810Z ok  	github.com/ava-labs/subnet-evm/accounts/abi	1.199s	coverage: 89.4% of statements
2025-07-31T20:51:47.7839550Z # github.com/ava-labs/subnet-evm/accounts/abi/bind/precompilebind.test
2025-07-31T20:51:47.7941490Z ld: warning: '/private/var/folders/y6/nj790rtn62lfktb1sh__79hc0000gn/T/go-link-2051809707/000068.o' has malformed LC_DYSYMTAB, expected 98 undefined symbols to start at index 1626, found 95 undefined symbols starting at index 1626
2025-07-31T20:51:48.4868730Z # github.com/ava-labs/subnet-evm/accounts/abi/bind.test
2025-07-31T20:51:48.4878090Z ld: warning: '/private/var/folders/y6/nj790rtn62lfktb1sh__79hc0000gn/T/go-link-577270465/000076.o' has malformed LC_DYSYMTAB, expected 98 undefined symbols to start at index 1626, found 95 undefined symbols starting at index 1626
2025-07-31T20:51:48.5933180Z 	github.com/ava-labs/subnet-evm/accounts/abi/bind/backends		coverage: 0.0% of statements
2025-07-31T20:51:50.2258860Z # github.com/ava-labs/subnet-evm/cmd/abigen.test
2025-07-31T20:51:50.2259970Z ld: warning: '/private/var/folders/y6/nj790rtn62lfktb1sh__79hc0000gn/T/go-link-413487354/000068.o' has malformed LC_DYSYMTAB, expected 98 undefined symbols to start at index 1626, found 95 undefined symbols starting at index 1626
2025-07-31T20:52:17.9433200Z # github.com/ava-labs/subnet-evm/cmd/evm.test
2025-07-31T20:52:17.9434520Z ld: warning: '/private/var/folders/y6/nj790rtn62lfktb1sh__79hc0000gn/T/go-link-3097493130/000076.o' has malformed LC_DYSYMTAB, expected 98 undefined symbols to start at index 1626, found 95 undefined symbols starting at index 1626
2025-07-31T20:52:17.9591010Z 	github.com/ava-labs/subnet-evm/cmd/evm/internal/compiler		coverage: 0.0% of statements
2025-07-31T20:52:17.9657100Z 	github.com/ava-labs/subnet-evm/cmd/evm/internal/t8ntool		coverage: 0.0% of statements
2025-07-31T20:52:18.0880210Z 	github.com/ava-labs/subnet-evm/cmd/precompilegen		coverage: 0.0% of statements
2025-07-31T20:52:20.0114050Z 	github.com/ava-labs/subnet-evm/cmd/simulator/config		coverage: 0.0% of statements
2025-07-31T20:52:20.0475660Z 	github.com/ava-labs/subnet-evm/cmd/simulator/key		coverage: 0.0% of statements
2025-07-31T20:52:20.5876170Z 	github.com/ava-labs/subnet-evm/cmd/simulator/load		coverage: 0.0% of statements
2025-07-31T20:52:20.7235950Z 	github.com/ava-labs/subnet-evm/cmd/simulator/main		coverage: 0.0% of statements
2025-07-31T20:52:20.7287040Z 	github.com/ava-labs/subnet-evm/cmd/simulator/metrics		coverage: 0.0% of statements
2025-07-31T20:52:20.7338560Z 	github.com/ava-labs/subnet-evm/cmd/simulator/txs		coverage: 0.0% of statements
2025-07-31T20:52:20.7392960Z 	github.com/ava-labs/subnet-evm/cmd/utils		coverage: 0.0% of statements
2025-07-31T20:52:21.0975260Z # github.com/ava-labs/subnet-evm/commontype.test
2025-07-31T20:52:21.0977540Z ld: warning: '/private/var/folders/y6/nj790rtn62lfktb1sh__79hc0000gn/T/go-link-3157245647/000012.o' has malformed LC_DYSYMTAB, expected 98 undefined symbols to start at index 1626, found 95 undefined symbols starting at index 1626
2025-07-31T20:52:22.1304020Z ?   	github.com/ava-labs/subnet-evm/consensus	[no test files]
2025-07-31T20:52:23.2242930Z # github.com/ava-labs/subnet-evm/consensus/dummy.test
2025-07-31T20:52:23.2243870Z ld: warning: '/private/var/folders/y6/nj790rtn62lfktb1sh__79hc0000gn/T/go-link-2962521906/000076.o' has malformed LC_DYSYMTAB, expected 98 undefined symbols to start at index 1626, found 95 undefined symbols starting at index 1626
2025-07-31T20:52:23.4852370Z ok  	github.com/ava-labs/subnet-evm/accounts/abi/bind	34.998s	coverage: 62.7% of statements
2025-07-31T20:52:23.4853130Z ok  	github.com/ava-labs/subnet-evm/accounts/abi/bind/precompilebind	24.044s	coverage: 87.6% of statements
2025-07-31T20:52:23.4853680Z ok  	github.com/ava-labs/subnet-evm/cmd/abigen	1.116s	coverage: 24.5% of statements
2025-07-31T20:52:23.8150020Z # github.com/ava-labs/subnet-evm/consensus/misc/eip4844.test
2025-07-31T20:52:23.8150930Z ld: warning: '/private/var/folders/y6/nj790rtn62lfktb1sh__79hc0000gn/T/go-link-985293059/000014.o' has malformed LC_DYSYMTAB, expected 98 undefined symbols to start at index 1626, found 95 undefined symbols starting at index 1626
2025-07-31T20:52:24.3924740Z ?   	github.com/ava-labs/subnet-evm/constants	[no test files]
2025-07-31T20:52:25.4274090Z # github.com/ava-labs/subnet-evm/core/bloombits.test
2025-07-31T20:52:25.4276110Z ld: warning: '/private/var/folders/y6/nj790rtn62lfktb1sh__79hc0000gn/T/go-link-1047812710/000014.o' has malformed LC_DYSYMTAB, expected 98 undefined symbols to start at index 1626, found 95 undefined symbols starting at index 1626
2025-07-31T20:52:26.9772760Z # github.com/ava-labs/subnet-evm/core.test
2025-07-31T20:52:26.9773760Z ld: warning: '/private/var/folders/y6/nj790rtn62lfktb1sh__79hc0000gn/T/go-link-530084830/000076.o' has malformed LC_DYSYMTAB, expected 98 undefined symbols to start at index 1626, found 95 undefined symbols starting at index 1626
2025-07-31T20:52:35.0207340Z 	github.com/ava-labs/subnet-evm/core/coretest		coverage: 0.0% of statements
2025-07-31T20:52:37.1162550Z # github.com/ava-labs/subnet-evm/core/extstate.test
2025-07-31T20:52:37.1275460Z ld: warning: '/private/var/folders/y6/nj790rtn62lfktb1sh__79hc0000gn/T/go-link-1356423355/000070.o' has malformed LC_DYSYMTAB, expected 98 undefined symbols to start at index 1626, found 95 undefined symbols starting at index 1626
2025-07-31T20:52:39.1095570Z ok  	github.com/ava-labs/subnet-evm/cmd/evm	21.158s	coverage: 3.9% of statements
2025-07-31T20:52:39.1227070Z ok  	github.com/ava-labs/subnet-evm/commontype	1.020s	coverage: 64.3% of statements
2025-07-31T20:52:39.1362480Z ok  	github.com/ava-labs/subnet-evm/consensus/dummy	1.142s	coverage: 10.8% of statements
2025-07-31T20:52:39.1471690Z ok  	github.com/ava-labs/subnet-evm/consensus/misc/eip4844	1.145s	coverage: 42.9% of statements
2025-07-31T20:52:40.5489730Z # github.com/ava-labs/subnet-evm/core/state.test
2025-07-31T20:52:40.5590270Z ld: warning: '/private/var/folders/y6/nj790rtn62lfktb1sh__79hc0000gn/T/go-link-1610765545/000076.o' has malformed LC_DYSYMTAB, expected 98 undefined symbols to start at index 1626, found 95 undefined symbols starting at index 1626
2025-07-31T20:52:40.5591580Z 	github.com/ava-labs/subnet-evm/core/state/pruner		coverage: 0.0% of statements
2025-07-31T20:52:43.0847730Z # github.com/ava-labs/subnet-evm/core/state/snapshot.test
2025-07-31T20:52:43.0947040Z ld: warning: '/private/var/folders/y6/nj790rtn62lfktb1sh__79hc0000gn/T/go-link-165577729/000070.o' has malformed LC_DYSYMTAB, expected 98 undefined symbols to start at index 1626, found 95 undefined symbols starting at index 1626
2025-07-31T20:52:52.6065850Z 	github.com/ava-labs/subnet-evm/core/txpool		coverage: 0.0% of statements
2025-07-31T20:52:55.3251860Z # github.com/ava-labs/subnet-evm/core/txpool/blobpool.test
2025-07-31T20:52:55.3434140Z ld: warning: '/private/var/folders/y6/nj790rtn62lfktb1sh__79hc0000gn/T/go-link-4098892643/000076.o' has malformed LC_DYSYMTAB, expected 98 undefined symbols to start at index 1626, found 95 undefined symbols starting at index 1626
2025-07-31T20:52:58.9681020Z # github.com/ava-labs/subnet-evm/core/txpool/legacypool.test
2025-07-31T20:52:58.9683480Z ld: warning: '/private/var/folders/y6/nj790rtn62lfktb1sh__79hc0000gn/T/go-link-3247169625/000076.o' has malformed LC_DYSYMTAB, expected 98 undefined symbols to start at index 1626, found 95 undefined symbols starting at index 1626
2025-07-31T20:53:00.5968620Z # github.com/ava-labs/subnet-evm/core/vm/runtime.test
2025-07-31T20:53:00.5986690Z ld: warning: '/private/var/folders/y6/nj790rtn62lfktb1sh__79hc0000gn/T/go-link-72328108/000076.o' has malformed LC_DYSYMTAB, expected 98 undefined symbols to start at index 1626, found 95 undefined symbols starting at index 1626
2025-07-31T20:53:03.9044260Z # github.com/ava-labs/subnet-evm/eth.test
2025-07-31T20:53:03.9046260Z ld: warning: '/private/var/folders/y6/nj790rtn62lfktb1sh__79hc0000gn/T/go-link-895601387/000076.o' has malformed LC_DYSYMTAB, expected 98 undefined symbols to start at index 1626, found 95 undefined symbols starting at index 1626
2025-07-31T20:53:04.1584840Z 	github.com/ava-labs/subnet-evm/eth/ethconfig		coverage: 0.0% of statements
2025-07-31T20:53:06.0771590Z # github.com/ava-labs/subnet-evm/eth/filters.test
2025-07-31T20:53:06.0774080Z ld: warning: '/private/var/folders/y6/nj790rtn62lfktb1sh__79hc0000gn/T/go-link-4195462410/000076.o' has malformed LC_DYSYMTAB, expected 98 undefined symbols to start at index 1626, found 95 undefined symbols starting at index 1626
2025-07-31T20:53:10.7537690Z 	github.com/ava-labs/subnet-evm/eth/gasestimator		coverage: 0.0% of statements
2025-07-31T20:53:13.0402680Z # github.com/ava-labs/subnet-evm/eth/gasprice.test
2025-07-31T20:53:13.0505110Z ld: warning: '/private/var/folders/y6/nj790rtn62lfktb1sh__79hc0000gn/T/go-link-652742079/000076.o' has malformed LC_DYSYMTAB, expected 98 undefined symbols to start at index 1626, found 95 undefined symbols starting at index 1626
2025-07-31T20:53:29.6786670Z # github.com/ava-labs/subnet-evm/eth/tracers.test
2025-07-31T20:53:29.6888640Z ld: warning: '/private/var/folders/y6/nj790rtn62lfktb1sh__79hc0000gn/T/go-link-2711186212/000076.o' has malformed LC_DYSYMTAB, expected 98 undefined symbols to start at index 1626, found 95 undefined symbols starting at index 1626
2025-07-31T20:53:33.0604510Z # github.com/ava-labs/subnet-evm/ethclient.test
2025-07-31T20:53:33.0706290Z ld: warning: '/private/var/folders/y6/nj790rtn62lfktb1sh__79hc0000gn/T/go-link-525282983/000068.o' has malformed LC_DYSYMTAB, expected 98 undefined symbols to start at index 1626, found 95 undefined symbols starting at index 1626
2025-07-31T20:53:36.6719980Z # github.com/ava-labs/subnet-evm/ethclient/simulated.test
2025-07-31T20:53:36.6822100Z ld: warning: '/private/var/folders/y6/nj790rtn62lfktb1sh__79hc0000gn/T/go-link-3231678823/000076.o' has malformed LC_DYSYMTAB, expected 98 undefined symbols to start at index 1626, found 95 undefined symbols starting at index 1626
2025-07-31T20:53:36.7623070Z 	github.com/ava-labs/subnet-evm/ethclient/subnetevmclient		coverage: 0.0% of statements
2025-07-31T20:53:51.4991570Z ?   	github.com/ava-labs/subnet-evm/interfaces	[no test files]
2025-07-31T20:53:51.5093120Z 	github.com/ava-labs/subnet-evm/examples/sign-uptime-message		coverage: 0.0% of statements
2025-07-31T20:53:51.5400810Z 	github.com/ava-labs/subnet-evm/internal/blocktest		coverage: 0.0% of statements
2025-07-31T20:53:51.5502370Z 	github.com/ava-labs/subnet-evm/internal/cmdtest		coverage: 0.0% of statements
2025-07-31T20:53:51.5603790Z 	github.com/ava-labs/subnet-evm/internal/debug		coverage: 0.0% of statements
2025-07-31T20:53:54.7475290Z # github.com/ava-labs/subnet-evm/internal/flags.test
2025-07-31T20:53:54.7498060Z ld: warning: '/private/var/folders/y6/nj790rtn62lfktb1sh__79hc0000gn/T/go-link-3778161839/000068.o' has malformed LC_DYSYMTAB, expected 98 undefined symbols to start at index 1626, found 95 undefined symbols starting at index 1626
2025-07-31T20:53:56.0297670Z # github.com/ava-labs/subnet-evm/internal/ethapi.test
2025-07-31T20:53:56.0399540Z ld: warning: '/private/var/folders/y6/nj790rtn62lfktb1sh__79hc0000gn/T/go-link-1976694627/000076.o' has malformed LC_DYSYMTAB, expected 98 undefined symbols to start at index 1626, found 95 undefined symbols starting at index 1626
2025-07-31T20:53:57.1860260Z 	github.com/ava-labs/subnet-evm/internal/reexec		coverage: 0.0% of statements
2025-07-31T20:53:57.2076790Z 	github.com/ava-labs/subnet-evm/internal/shutdowncheck		coverage: 0.0% of statements
2025-07-31T20:53:57.2330380Z 	github.com/ava-labs/subnet-evm/internal/version		coverage: 0.0% of statements
2025-07-31T20:53:57.2659490Z 	github.com/ava-labs/subnet-evm/log		coverage: 0.0% of statements
2025-07-31T20:53:57.3629580Z 	github.com/ava-labs/subnet-evm/metrics/metricstest		coverage: 0.0% of statements
2025-07-31T20:53:58.1716100Z # github.com/ava-labs/subnet-evm/metrics/prometheus.test
2025-07-31T20:53:58.1819500Z ld: warning: '/private/var/folders/y6/nj790rtn62lfktb1sh__79hc0000gn/T/go-link-1350219962/000015.o' has malformed LC_DYSYMTAB, expected 98 undefined symbols to start at index 1626, found 95 undefined symbols starting at index 1626
2025-07-31T20:54:00.1901210Z # github.com/ava-labs/subnet-evm/miner.test
2025-07-31T20:54:00.2002920Z ld: warning: '/private/var/folders/y6/nj790rtn62lfktb1sh__79hc0000gn/T/go-link-2973418053/000076.o' has malformed LC_DYSYMTAB, expected 98 undefined symbols to start at index 1626, found 95 undefined symbols starting at index 1626
2025-07-31T20:54:01.3544570Z # github.com/ava-labs/subnet-evm/network.test
2025-07-31T20:54:01.3645850Z ld: warning: '/private/var/folders/y6/nj790rtn62lfktb1sh__79hc0000gn/T/go-link-1793392731/000068.o' has malformed LC_DYSYMTAB, expected 98 undefined symbols to start at index 1626, found 95 undefined symbols starting at index 1626
2025-07-31T20:54:01.8776400Z ?   	github.com/ava-labs/subnet-evm/network/peertest	[no test files]
2025-07-31T20:54:01.8879630Z 	github.com/ava-labs/subnet-evm/network/stats		coverage: 0.0% of statements
2025-07-31T20:54:01.9178200Z 	github.com/ava-labs/subnet-evm/node		coverage: 0.0% of statements
2025-07-31T20:54:03.3635450Z # github.com/ava-labs/subnet-evm/params.test
2025-07-31T20:54:03.3736830Z ld: warning: '/private/var/folders/y6/nj790rtn62lfktb1sh__79hc0000gn/T/go-link-1144152471/000068.o' has malformed LC_DYSYMTAB, expected 98 undefined symbols to start at index 1626, found 95 undefined symbols starting at index 1626
2025-07-31T20:54:05.6291110Z # github.com/ava-labs/subnet-evm/params/extras.test
2025-07-31T20:54:05.6392090Z ld: warning: '/private/var/folders/y6/nj790rtn62lfktb1sh__79hc0000gn/T/go-link-3597738694/000068.o' has malformed LC_DYSYMTAB, expected 98 undefined symbols to start at index 1626, found 95 undefined symbols starting at index 1626
2025-07-31T20:54:09.2882220Z 	github.com/ava-labs/subnet-evm/plugin		coverage: 0.0% of statements
2025-07-31T20:54:10.7979780Z # github.com/ava-labs/subnet-evm/plugin/evm/blockgascost.test
2025-07-31T20:54:10.8080460Z ld: warning: '/private/var/folders/y6/nj790rtn62lfktb1sh__79hc0000gn/T/go-link-3033047029/000012.o' has malformed LC_DYSYMTAB, expected 98 undefined symbols to start at index 1626, found 95 undefined symbols starting at index 1626
2025-07-31T20:54:18.2669580Z # github.com/ava-labs/subnet-evm/plugin/evm.test
2025-07-31T20:54:18.2771320Z ld: warning: '/private/var/folders/y6/nj790rtn62lfktb1sh__79hc0000gn/T/go-link-2545971555/000076.o' has malformed LC_DYSYMTAB, expected 98 undefined symbols to start at index 1626, found 95 undefined symbols starting at index 1626
2025-07-31T20:54:19.7675220Z 	github.com/ava-labs/subnet-evm/plugin/evm/client		coverage: 0.0% of statements
2025-07-31T20:54:20.7563820Z # github.com/ava-labs/subnet-evm/plugin/evm/config.test
2025-07-31T20:54:20.7665700Z ld: warning: '/private/var/folders/y6/nj790rtn62lfktb1sh__79hc0000gn/T/go-link-3788321412/000060.o' has malformed LC_DYSYMTAB, expected 98 undefined symbols to start at index 1626, found 95 undefined symbols starting at index 1626
2025-07-31T20:54:21.8187070Z 	github.com/ava-labs/subnet-evm/plugin/evm/customlogs		coverage: 0.0% of statements
2025-07-31T20:54:23.4294860Z # github.com/ava-labs/subnet-evm/plugin/evm/customrawdb.test
2025-07-31T20:54:23.4394590Z ld: warning: '/private/var/folders/y6/nj790rtn62lfktb1sh__79hc0000gn/T/go-link-3224875778/000070.o' has malformed LC_DYSYMTAB, expected 98 undefined symbols to start at index 1626, found 95 undefined symbols starting at index 1626
2025-07-31T20:54:28.1666600Z # github.com/ava-labs/subnet-evm/plugin/evm/customtypes.test
2025-07-31T20:54:28.1767350Z ld: warning: '/private/var/folders/y6/nj790rtn62lfktb1sh__79hc0000gn/T/go-link-2372152282/000070.o' has malformed LC_DYSYMTAB, expected 98 undefined symbols to start at index 1626, found 95 undefined symbols starting at index 1626
2025-07-31T20:54:32.7720710Z 	github.com/ava-labs/subnet-evm/plugin/evm/database		coverage: 0.0% of statements
2025-07-31T20:54:34.5383130Z # github.com/ava-labs/subnet-evm/plugin/evm/header.test
2025-07-31T20:54:34.5486910Z ld: warning: '/private/var/folders/y6/nj790rtn62lfktb1sh__79hc0000gn/T/go-link-4194822674/000068.o' has malformed LC_DYSYMTAB, expected 98 undefined symbols to start at index 1626, found 95 undefined symbols starting at index 1626
2025-07-31T20:54:39.3431910Z # github.com/ava-labs/subnet-evm/plugin/evm/message.test
2025-07-31T20:54:39.3554140Z ld: warning: '/private/var/folders/y6/nj790rtn62lfktb1sh__79hc0000gn/T/go-link-1466866177/000066.o' has malformed LC_DYSYMTAB, expected 98 undefined symbols to start at index 1626, found 95 undefined symbols starting at index 1626
2025-07-31T20:54:40.5786480Z ?   	github.com/ava-labs/subnet-evm/plugin/evm/upgrade/legacy	[no test files]
2025-07-31T20:54:43.4600690Z # github.com/ava-labs/subnet-evm/plugin/evm/validators.test
2025-07-31T20:54:43.4700610Z ld: warning: '/private/var/folders/y6/nj790rtn62lfktb1sh__79hc0000gn/T/go-link-42446582/000062.o' has malformed LC_DYSYMTAB, expected 98 undefined symbols to start at index 1626, found 95 undefined symbols starting at index 1626
2025-07-31T20:54:44.6341520Z ?   	github.com/ava-labs/subnet-evm/plugin/evm/validators/interfaces	[no test files]
2025-07-31T20:54:45.4833540Z # github.com/ava-labs/subnet-evm/plugin/evm/validators/state.test
2025-07-31T20:54:45.4935760Z ld: warning: '/private/var/folders/y6/nj790rtn62lfktb1sh__79hc0000gn/T/go-link-3840441944/000013.o' has malformed LC_DYSYMTAB, expected 98 undefined symbols to start at index 1626, found 95 undefined symbols starting at index 1626
2025-07-31T20:54:47.1319620Z # github.com/ava-labs/subnet-evm/plugin/evm/validators/state/interfaces.test
2025-07-31T20:54:47.1421590Z ld: warning: '/private/var/folders/y6/nj790rtn62lfktb1sh__79hc0000gn/T/go-link-4011852991/000013.o' has malformed LC_DYSYMTAB, expected 98 undefined symbols to start at index 1626, found 95 undefined symbols starting at index 1626
2025-07-31T20:54:49.1094910Z # github.com/ava-labs/subnet-evm/plugin/evm/validators/uptime.test
2025-07-31T20:54:49.1196920Z ld: warning: '/private/var/folders/y6/nj790rtn62lfktb1sh__79hc0000gn/T/go-link-3348757110/000013.o' has malformed LC_DYSYMTAB, expected 98 undefined symbols to start at index 1626, found 95 undefined symbols starting at index 1626
2025-07-31T20:54:50.2440930Z ?   	github.com/ava-labs/subnet-evm/plugin/evm/validators/uptime/interfaces	[no test files]
2025-07-31T20:54:50.2542930Z ?   	github.com/ava-labs/subnet-evm/plugin/evm/vmerrors	[no test files]
2025-07-31T20:54:50.2643580Z 	github.com/ava-labs/subnet-evm/plugin/runner		coverage: 0.0% of statements
2025-07-31T20:54:52.3284570Z # github.com/ava-labs/subnet-evm/precompile/allowlist.test
2025-07-31T20:54:52.3384190Z ld: warning: '/private/var/folders/y6/nj790rtn62lfktb1sh__79hc0000gn/T/go-link-1926668398/000068.o' has malformed LC_DYSYMTAB, expected 98 undefined symbols to start at index 1626, found 95 undefined symbols starting at index 1626
2025-07-31T20:54:56.8372190Z # github.com/ava-labs/subnet-evm/precompile/allowlist/allowlisttest.test
2025-07-31T20:54:56.8473670Z ld: warning: '/private/var/folders/y6/nj790rtn62lfktb1sh__79hc0000gn/T/go-link-2591791166/000076.o' has malformed LC_DYSYMTAB, expected 98 undefined symbols to start at index 1626, found 95 undefined symbols starting at index 1626
2025-07-31T20:54:59.2960790Z # github.com/ava-labs/subnet-evm/precompile/contract.test
2025-07-31T20:54:59.3061930Z ld: warning: '/private/var/folders/y6/nj790rtn62lfktb1sh__79hc0000gn/T/go-link-88259803/000068.o' has malformed LC_DYSYMTAB, expected 98 undefined symbols to start at index 1626, found 95 undefined symbols starting at index 1626
2025-07-31T20:55:00.5241780Z 	github.com/ava-labs/subnet-evm/precompile/contracts/deployerallowlist		coverage: 0.0% of statements
2025-07-31T20:55:02.5078490Z # github.com/ava-labs/subnet-evm/precompile/contracts/deployerallowlist/deployerallowlisttest.test
2025-07-31T20:55:02.5079940Z ld: warning: '/private/var/folders/y6/nj790rtn62lfktb1sh__79hc0000gn/T/go-link-2032732496/000076.o' has malformed LC_DYSYMTAB, expected 98 undefined symbols to start at index 1626, found 95 undefined symbols starting at index 1626
2025-07-31T20:55:05.6534530Z # github.com/ava-labs/subnet-evm/precompile/contracts/feemanager.test
2025-07-31T20:55:05.6639210Z ld: warning: '/private/var/folders/y6/nj790rtn62lfktb1sh__79hc0000gn/T/go-link-2158406233/000076.o' has malformed LC_DYSYMTAB, expected 98 undefined symbols to start at index 1626, found 95 undefined symbols starting at index 1626
2025-07-31T20:55:07.7396990Z # github.com/ava-labs/subnet-evm/precompile/contracts/nativeminter.test
2025-07-31T20:55:07.7498700Z ld: warning: '/private/var/folders/y6/nj790rtn62lfktb1sh__79hc0000gn/T/go-link-1663236933/000076.o' has malformed LC_DYSYMTAB, expected 98 undefined symbols to start at index 1626, found 95 undefined symbols starting at index 1626
2025-07-31T20:55:11.0128180Z # github.com/ava-labs/subnet-evm/precompile/contracts/rewardmanager.test
2025-07-31T20:55:11.0226670Z ld: warning: '/private/var/folders/y6/nj790rtn62lfktb1sh__79hc0000gn/T/go-link-2219783284/000076.o' has malformed LC_DYSYMTAB, expected 98 undefined symbols to start at index 1626, found 95 undefined symbols starting at index 1626
2025-07-31T20:55:14.1359370Z # github.com/ava-labs/subnet-evm/precompile/contracts/txallowlist.test
2025-07-31T20:55:14.1368210Z ld: warning: '/private/var/folders/y6/nj790rtn62lfktb1sh__79hc0000gn/T/go-link-4291665427/000076.o' has malformed LC_DYSYMTAB, expected 98 undefined symbols to start at index 1626, found 95 undefined symbols starting at index 1626
2025-07-31T20:55:17.1387850Z # github.com/ava-labs/subnet-evm/precompile/contracts/warp.test
2025-07-31T20:55:17.1512560Z ld: warning: '/private/var/folders/y6/nj790rtn62lfktb1sh__79hc0000gn/T/go-link-3998026412/000076.o' has malformed LC_DYSYMTAB, expected 98 undefined symbols to start at index 1626, found 95 undefined symbols starting at index 1626
2025-07-31T20:55:24.4720630Z # github.com/ava-labs/subnet-evm/precompile/modules.test
2025-07-31T20:55:24.4837450Z ld: warning: '/private/var/folders/y6/nj790rtn62lfktb1sh__79hc0000gn/T/go-link-1697062894/000068.o' has malformed LC_DYSYMTAB, expected 98 undefined symbols to start at index 1626, found 95 undefined symbols starting at index 1626
2025-07-31T20:55:26.5920090Z # github.com/ava-labs/subnet-evm/precompile/precompileconfig.test
2025-07-31T20:55:26.6024170Z ld: warning: '/private/var/folders/y6/nj790rtn62lfktb1sh__79hc0000gn/T/go-link-2867580162/000064.o' has malformed LC_DYSYMTAB, expected 98 undefined symbols to start at index 1626, found 95 undefined symbols starting at index 1626
2025-07-31T20:55:27.7456770Z 	github.com/ava-labs/subnet-evm/precompile/precompiletest		coverage: 0.0% of statements
2025-07-31T20:55:27.7477950Z ?   	github.com/ava-labs/subnet-evm/precompile/registry	[no test files]
2025-07-31T20:55:28.2855870Z # github.com/ava-labs/subnet-evm/predicate.test
2025-07-31T20:55:28.2861800Z ld: warning: '/private/var/folders/y6/nj790rtn62lfktb1sh__79hc0000gn/T/go-link-2087014752/000016.o' has malformed LC_DYSYMTAB, expected 98 undefined symbols to start at index 1626, found 95 undefined symbols starting at index 1626
2025-07-31T20:55:31.0081860Z # github.com/ava-labs/subnet-evm/rpc.test
2025-07-31T20:55:31.0087390Z ld: warning: '/private/var/folders/y6/nj790rtn62lfktb1sh__79hc0000gn/T/go-link-1666960028/000016.o' has malformed LC_DYSYMTAB, expected 98 undefined symbols to start at index 1626, found 95 undefined symbols starting at index 1626
2025-07-31T20:56:10.5307670Z 	github.com/ava-labs/subnet-evm/signer/core/apitypes		coverage: 0.0% of statements
2025-07-31T20:56:10.5494980Z 	github.com/ava-labs/subnet-evm/stateupgrade		coverage: 0.0% of statements
2025-07-31T20:56:19.9794200Z # github.com/ava-labs/subnet-evm/sync/client.test
2025-07-31T20:56:19.9796870Z ld: warning: '/private/var/folders/y6/nj790rtn62lfktb1sh__79hc0000gn/T/go-link-4102931410/000076.o' has malformed LC_DYSYMTAB, expected 98 undefined symbols to start at index 1626, found 95 undefined symbols starting at index 1626
2025-07-31T20:56:36.1314210Z 	github.com/ava-labs/subnet-evm/sync/client/stats		coverage: 0.0% of statements
2025-07-31T20:56:40.6310250Z # github.com/ava-labs/subnet-evm/sync/handlers.test
2025-07-31T20:56:40.6336410Z ld: warning: '/private/var/folders/y6/nj790rtn62lfktb1sh__79hc0000gn/T/go-link-776528925/000076.o' has malformed LC_DYSYMTAB, expected 98 undefined symbols to start at index 1626, found 95 undefined symbols starting at index 1626
2025-07-31T20:56:41.8180630Z -test.shuffle 1753995147172622000
2025-07-31T20:56:41.8295730Z --- FAIL: TestCorruptSnapshots (2.47s)
2025-07-31T20:56:41.8418810Z     --- FAIL: TestCorruptSnapshots/TestStatefulPrecompiles (0.01s)
2025-07-31T20:56:41.8662410Z         blockchain_ext_test.go:1704: invalid block gas cost: have 0, want 1000000
2025-07-31T20:56:41.8719840Z --- FAIL: TestArchiveBlockChain (2.36s)
2025-07-31T20:56:41.8843290Z     --- FAIL: TestArchiveBlockChain/TestStatefulPrecompiles (0.02s)
2025-07-31T20:56:41.8979590Z         blockchain_ext_test.go:1704: invalid block gas cost: have 0, want 1000000
2025-07-31T20:56:41.9078160Z --- FAIL: TestVerkleGenesisCommit (10.37s)
2025-07-31T20:56:41.9180040Z     genesis_test.go:417: invalid genesis state root, expected 14398d42be3394ff8d50681816a4b7bf8d8283306f577faba2d5bc57498de23b, got 22678ccc2daa04e91013ce47799973bd6c1824f37989d7cea4cbdcd79b39137f
2025-07-31T20:56:41.9305880Z --- FAIL: TestSetupGenesis (0.06s)
2025-07-31T20:56:41.9407080Z     --- FAIL: TestSetupGenesis/hash (0.02s)
2025-07-31T20:56:41.9507410Z         --- FAIL: TestSetupGenesis/hash/compatible_config_in_DB_hash (0.00s)
2025-07-31T20:56:41.9609800Z             genesis_test.go:198: returned error (*errors.errorString)missing last accepted block, want (interface {})<nil>
2025-07-31T20:56:41.9710110Z             genesis_test.go:204: returned hash 0x0000000000000000000000000000000000000000000000000000000000000000, want 0x4a12fe7bf8d40d152d7e9de22337b115186a4662aa3a97217b36146202bbfc66
2025-07-31T20:56:41.9811610Z         --- FAIL: TestSetupGenesis/hash/incompatible_config_for_avalanche_fork_in_DB_hash (0.02s)
2025-07-31T20:56:41.9914140Z             genesis_test.go:204: returned hash 0x345af9a5a615fe184e45989b850afeee399d10a69b0e49000733c2593f3c487e, want 0x4a12fe7bf8d40d152d7e9de22337b115186a4662aa3a97217b36146202bbfc66
2025-07-31T20:56:42.0013540Z     --- FAIL: TestSetupGenesis/path (0.03s)
2025-07-31T20:56:42.0115300Z         --- FAIL: TestSetupGenesis/path/compatible_config_in_DB_path (0.00s)
2025-07-31T20:56:42.0216710Z             genesis_test.go:198: returned error (*errors.errorString)missing last accepted block, want (interface {})<nil>
2025-07-31T20:56:42.0317890Z             genesis_test.go:204: returned hash 0x0000000000000000000000000000000000000000000000000000000000000000, want 0x4a12fe7bf8d40d152d7e9de22337b115186a4662aa3a97217b36146202bbfc66
2025-07-31T20:56:42.0418750Z         --- FAIL: TestSetupGenesis/path/incompatible_config_for_avalanche_fork_in_DB_path (0.02s)
2025-07-31T20:56:42.0520980Z             genesis_test.go:204: returned hash 0x345af9a5a615fe184e45989b850afeee399d10a69b0e49000733c2593f3c487e, want 0x4a12fe7bf8d40d152d7e9de22337b115186a4662aa3a97217b36146202bbfc66
2025-07-31T20:56:42.0620280Z     --- FAIL: TestSetupGenesis/firewood (0.01s)
2025-07-31T20:56:42.0721600Z         --- FAIL: TestSetupGenesis/firewood/compatible_config_in_DB_firewood (0.00s)
2025-07-31T20:56:42.0823610Z             genesis_test.go:198: returned error (*errors.errorString)missing last accepted block, want (interface {})<nil>
2025-07-31T20:56:42.0925750Z             genesis_test.go:204: returned hash 0x0000000000000000000000000000000000000000000000000000000000000000, want 0x4a12fe7bf8d40d152d7e9de22337b115186a4662aa3a97217b36146202bbfc66
2025-07-31T20:56:42.1025670Z         --- FAIL: TestSetupGenesis/firewood/incompatible_config_for_avalanche_fork_in_DB_firewood (0.01s)
2025-07-31T20:56:42.1128160Z             genesis_test.go:204: returned hash 0x345af9a5a615fe184e45989b850afeee399d10a69b0e49000733c2593f3c487e, want 0x4a12fe7bf8d40d152d7e9de22337b115186a4662aa3a97217b36146202bbfc66
2025-07-31T20:56:42.1229860Z --- FAIL: TestPruningBlockChainSnapsDisabled (3.04s)
2025-07-31T20:56:42.1331620Z     --- FAIL: TestPruningBlockChainSnapsDisabled/hash (1.64s)
2025-07-31T20:56:42.1433160Z         --- FAIL: TestPruningBlockChainSnapsDisabled/hash/TestStatefulPrecompiles (0.01s)
2025-07-31T20:56:42.1534980Z             blockchain_ext_test.go:1704: invalid block gas cost: have 0, want 1000000
2025-07-31T20:56:42.1635710Z     --- FAIL: TestPruningBlockChainSnapsDisabled/firewood (1.40s)
2025-07-31T20:56:42.1736770Z         --- FAIL: TestPruningBlockChainSnapsDisabled/firewood/TestStatefulPrecompiles (0.02s)
2025-07-31T20:56:42.1838160Z             blockchain_ext_test.go:1704: invalid block gas cost: have 0, want 1000000
2025-07-31T20:56:42.1938470Z --- FAIL: TestBlockChainOfflinePruningUngracefulShutdown (0.00s)
2025-07-31T20:56:42.2039730Z     --- FAIL: TestBlockChainOfflinePruningUngracefulShutdown/TestStatefulPrecompiles (0.04s)
2025-07-31T20:56:42.2142830Z         blockchain_ext_test.go:1704: invalid block gas cost: have 0, want 1000000
2025-07-31T20:56:42.2240710Z --- FAIL: TestTxLookupBlockChain (5.06s)
2025-07-31T20:56:42.2342630Z     --- FAIL: TestTxLookupBlockChain/TestStatefulPrecompiles (0.02s)
2025-07-31T20:56:42.2444740Z         blockchain_ext_test.go:1704: invalid block gas cost: have 0, want 1000000
2025-07-31T20:56:42.2545080Z --- FAIL: TestPruningBlockChainUngracefulShutdownSnapsDisabled (3.51s)
2025-07-31T20:56:42.2645010Z     --- FAIL: TestPruningBlockChainUngracefulShutdownSnapsDisabled/hash (2.18s)
2025-07-31T20:56:42.2746750Z         --- FAIL: TestPruningBlockChainUngracefulShutdownSnapsDisabled/hash/TestStatefulPrecompiles (0.01s)
2025-07-31T20:56:42.2847640Z             blockchain_ext_test.go:1704: invalid block gas cost: have 0, want 1000000
2025-07-31T20:56:42.2949000Z     --- FAIL: TestPruningBlockChainUngracefulShutdownSnapsDisabled/firewood (1.33s)
2025-07-31T20:56:42.3051500Z         --- FAIL: TestPruningBlockChainUngracefulShutdownSnapsDisabled/firewood/TestStatefulPrecompiles (0.01s)
2025-07-31T20:56:42.3153930Z             blockchain_ext_test.go:1704: invalid block gas cost: have 0, want 1000000
2025-07-31T20:56:42.3253380Z --- FAIL: TestPruningBlockChainUngracefulShutdown (3.50s)
2025-07-31T20:56:42.3354340Z     --- FAIL: TestPruningBlockChainUngracefulShutdown/TestStatefulPrecompiles (0.02s)
2025-07-31T20:56:42.3454820Z         blockchain_ext_test.go:1704: invalid block gas cost: have 0, want 1000000
2025-07-31T20:56:42.3556640Z --- FAIL: TestPruningBlockChain (4.34s)
2025-07-31T20:56:42.3656730Z     --- FAIL: TestPruningBlockChain/TestStatefulPrecompiles (0.02s)
2025-07-31T20:56:42.3758440Z         blockchain_ext_test.go:1704: invalid block gas cost: have 0, want 1000000
2025-07-31T20:56:42.3859600Z --- FAIL: TestArchiveBlockChainSnapsDisabled (2.76s)
2025-07-31T20:56:42.3961540Z     --- FAIL: TestArchiveBlockChainSnapsDisabled/TestStatefulPrecompiles (0.02s)
2025-07-31T20:56:42.4063070Z         blockchain_ext_test.go:1704: invalid block gas cost: have 0, want 1000000
2025-07-31T20:56:42.4169840Z --- FAIL: TestEnableSnapshots (7.55s)
2025-07-31T20:56:42.4271120Z     --- FAIL: TestEnableSnapshots/TestStatefulPrecompiles (0.02s)
2025-07-31T20:56:42.4372620Z         blockchain_ext_test.go:1704: invalid block gas cost: have 0, want 1000000
2025-07-31T20:56:42.4473800Z --- FAIL: TestTxLookupSkipIndexingBlockChain (7.64s)
2025-07-31T20:56:42.4577040Z     --- FAIL: TestTxLookupSkipIndexingBlockChain/TestStatefulPrecompiles (0.03s)
2025-07-31T20:56:42.4678900Z         blockchain_ext_test.go:1704: invalid block gas cost: have 0, want 1000000
2025-07-31T20:56:42.4780980Z From: `0xffffFFFfFFffffffffffffffFfFFFfffFFFfFFfE`
2025-07-31T20:56:42.4882400Z To: `0x000F3df6D732807Ef1319fB7B8bB8522d0Beac02`
2025-07-31T20:56:42.4984330Z Data: `0x0000000000000000000000000000000000000000000000000000000000000000`
2025-07-31T20:56:42.5086030Z Gas: `30000000`
2025-07-31T20:56:42.5087730Z Value `0` wei
2025-07-31T20:56:42.5189570Z 
2025-07-31T20:56:42.5290660Z |  Pc   |      Op     | Cost |   Stack   |   RStack  |  Refund |
2025-07-31T20:56:42.5395320Z |-------|-------------|------|-----------|-----------|---------|
2025-07-31T20:56:42.5496350Z 
2025-07-31T20:56:42.5597100Z Output: ``
2025-07-31T20:56:42.5698220Z Consumed gas: `0`
2025-07-31T20:56:42.5799250Z Error: `<nil>`
2025-07-31T20:56:42.5900160Z From: `0x71562b71999873DB5b286dF957af199Ec94617F7`
2025-07-31T20:56:42.6001430Z To: `0x000000000000000000000000000000000000BbBB`
2025-07-31T20:56:42.6102480Z Data: ``
2025-07-31T20:56:42.6212900Z Gas: `479000`
2025-07-31T20:56:42.6313760Z Value `0` wei
2025-07-31T20:56:42.6414650Z 
2025-07-31T20:56:42.6516740Z |  Pc   |      Op     | Cost |   Stack   |   RStack  |  Refund |
2025-07-31T20:56:42.6618270Z |-------|-------------|------|-----------|-----------|---------|
2025-07-31T20:56:42.6719530Z |    0  |      PUSH1  |    3 |        [] |         0 |
2025-07-31T20:56:42.6821040Z |    2  |       DUP1  |    3 |     [0x0] |         0 |
2025-07-31T20:56:42.6922320Z |    3  |       DUP1  |    3 | [0x0,0x0] |         0 |
2025-07-31T20:56:42.7023430Z |    4  |       DUP1  |    3 |[0x0,0x0,0x0] |         0 |
2025-07-31T20:56:42.7125000Z |    5  |      PUSH2  |    3 |[0x0,0x0,0x0,0x0] |         0 |
2025-07-31T20:56:42.7226600Z |    8  |        GAS  |    2 |[0x0,0x0,0x0,0x0,0xaaaa] |         0 |
2025-07-31T20:56:42.7327680Z |    9  | DELEGATECALL  |  471501 |[0x0,0x0,0x0,0x0,0xaaaa,0x74f07] |         0 |
2025-07-31T20:56:42.7428930Z |    0  |         PC  |    2 |        [] |         0 |
2025-07-31T20:56:42.7530550Z |    1  |         PC  |    2 |     [0x0] |         0 |
2025-07-31T20:56:42.7631680Z |    2  |      SLOAD  |  2100 | [0x0,0x1] |         0 |
2025-07-31T20:56:42.7732690Z |    3  |      SLOAD  |  2100 | [0x0,0x0] |         0 |
2025-07-31T20:56:42.7834060Z |    4  |       STOP  |    0 | [0x0,0x0] |         0 |
2025-07-31T20:56:42.7934940Z |   10  |       STOP  |    0 |     [0x1] |         0 |
2025-07-31T20:56:42.8036150Z 
2025-07-31T20:56:42.8136990Z Output: ``
2025-07-31T20:56:42.8238060Z Consumed gas: `4321`
2025-07-31T20:56:42.8331010Z Error: `<nil>`
2025-07-31T20:56:42.8352240Z FAIL
2025-07-31T20:56:42.8373040Z coverage: 70.7% of statements
2025-07-31T20:56:42.8394160Z FAIL	github.com/ava-labs/subnet-evm/core	254.683s
2025-07-31T20:56:42.8414900Z ok  	github.com/ava-labs/subnet-evm/core/bloombits	7.865s	coverage: 95.6% of statements
2025-07-31T20:56:42.8447420Z ok  	github.com/ava-labs/subnet-evm/core/extstate	1.045s	coverage: 23.1% of statements
2025-07-31T20:56:42.8482940Z ok  	github.com/ava-labs/subnet-evm/core/state	16.361s	coverage: 50.0% of statements
2025-07-31T20:56:42.8510130Z ok  	github.com/ava-labs/subnet-evm/core/state/snapshot	9.395s	coverage: 69.6% of statements
2025-07-31T20:56:42.8540140Z ok  	github.com/ava-labs/subnet-evm/core/txpool/blobpool	3.011s	coverage: 55.7% of statements
2025-07-31T20:56:42.8561360Z ok  	github.com/ava-labs/subnet-evm/core/txpool/legacypool	27.921s	coverage: 81.0% of statements
2025-07-31T20:56:42.8583070Z ok  	github.com/ava-labs/subnet-evm/core/vm/runtime	1.450s	coverage: 93.6% of statements
2025-07-31T20:56:42.8606310Z -test.shuffle 1753995184006154000
2025-07-31T20:56:42.8626120Z --- FAIL: TestStorageRangeAt (0.00s)
2025-07-31T20:56:42.8646490Z     api_debug_test.go:229: wrong result for range .., limit 0:
2025-07-31T20:56:42.8691970Z         got (eth.StorageRangeResult) {
2025-07-31T20:56:42.8728340Z             Storage: (eth.storageMap) {
2025-07-31T20:56:42.8751970Z             },
2025-07-31T20:56:42.8775940Z             NextKey: (*common.Hash)(0xc00003f980)((len=32 cap=32) 0x290decd9548b62a8d60345a988386fc84ba6bc95484008f6362f93160ef3e563)
2025-07-31T20:56:42.8889030Z         }
2025-07-31T20:56:42.8892570Z         
2025-07-31T20:56:42.9016820Z         want (*eth.StorageRangeResult)(0xc0001fa860)({
2025-07-31T20:56:42.9133270Z             Storage: (eth.storageMap) {
2025-07-31T20:56:42.9244120Z             },
2025-07-31T20:56:42.9350380Z             NextKey: (*common.Hash)(0xc000044280)((len=32 cap=32) 0x340dd630ad21bf010b4e676dbfa9ba9a02175262d1fa356232cfde6cb5b47ef2)
2025-07-31T20:56:42.9451930Z         })
2025-07-31T20:56:42.9553100Z FAIL
2025-07-31T20:56:42.9654140Z coverage: 2.9% of statements
2025-07-31T20:56:42.9760680Z FAIL	github.com/ava-labs/subnet-evm/eth	0.189s
2025-07-31T20:56:42.9864090Z ok  	github.com/ava-labs/subnet-evm/eth/filters	4.589s	coverage: 62.4% of statements
2025-07-31T20:56:42.9965120Z -test.shuffle 1753995193163781000
2025-07-31T20:56:43.0089290Z --- FAIL: TestSuggestGasPriceAfterFeeConfigUpdate (0.01s)
2025-07-31T20:56:43.0190430Z     gasprice_test.go:448: 
2025-07-31T20:56:43.0292070Z         	Error Trace:	/Users/runner/work/subnet-evm/subnet-evm/eth/gasprice/gasprice_test.go:448
2025-07-31T20:56:43.0393220Z         	Error:      	Received unexpected error:
2025-07-31T20:56:43.0494450Z         	            	invalid block gas cost: have 0, want 1000000
2025-07-31T20:56:43.0595960Z         	Test:       	TestSuggestGasPriceAfterFeeConfigUpdate
2025-07-31T20:56:43.0624760Z FAIL
2025-07-31T20:56:43.0737530Z coverage: 81.5% of statements
2025-07-31T20:56:43.0860490Z FAIL	github.com/ava-labs/subnet-evm/eth/gasprice	18.818s
2025-07-31T20:56:43.0969230Z ok  	github.com/ava-labs/subnet-evm/eth/tracers	6.871s	coverage: 42.9% of statements
2025-07-31T20:56:43.1039270Z ok  	github.com/ava-labs/subnet-evm/ethclient	1.174s	coverage: 0.0% of statements
2025-07-31T20:56:43.1142710Z ok  	github.com/ava-labs/subnet-evm/ethclient/simulated	1.396s	coverage: 84.0% of statements
2025-07-31T20:56:43.1223010Z ok  	github.com/ava-labs/subnet-evm/internal/ethapi	1.832s	coverage: 36.1% of statements
2025-07-31T20:56:43.1224050Z ok  	github.com/ava-labs/subnet-evm/internal/flags	1.147s	coverage: 5.1% of statements
2025-07-31T20:56:43.1224920Z ok  	github.com/ava-labs/subnet-evm/metrics/prometheus	1.183s	coverage: 100.0% of statements
2025-07-31T20:56:43.1225990Z ok  	github.com/ava-labs/subnet-evm/miner	1.686s	coverage: 15.6% of statements
2025-07-31T20:56:43.1226890Z ok  	github.com/ava-labs/subnet-evm/network	2.818s	coverage: 83.1% of statements
2025-07-31T20:56:43.1227630Z ok  	github.com/ava-labs/subnet-evm/params	1.175s	coverage: 53.2% of statements
2025-07-31T20:56:43.1228440Z ok  	github.com/ava-labs/subnet-evm/params/extras	1.081s	coverage: 67.0% of statements
2025-07-31T20:56:43.1230080Z 	github.com/ava-labs/subnet-evm/sync/handlers/stats		coverage: 0.0% of statements
2025-07-31T20:56:44.0068260Z # github.com/ava-labs/subnet-evm/sync/statesync.test
2025-07-31T20:56:44.0084070Z ld: warning: '/private/var/folders/y6/nj790rtn62lfktb1sh__79hc0000gn/T/go-link-816998381/000070.o' has malformed LC_DYSYMTAB, expected 98 undefined symbols to start at index 1626, found 95 undefined symbols starting at index 1626
2025-07-31T20:56:45.7888680Z -test.shuffle 1753995258994756000
2025-07-31T20:56:45.7989340Z --- FAIL: TestMustNotImport (0.46s)
2025-07-31T20:56:45.8090920Z     imports_test.go:74: 
2025-07-31T20:56:45.8195160Z         	Error Trace:	/Users/runner/work/subnet-evm/subnet-evm/plugin/evm/imports_test.go:74
2025-07-31T20:56:45.8301600Z         	Error:      	Should be false
2025-07-31T20:56:45.8431000Z         	Test:       	TestMustNotImport
2025-07-31T20:56:45.8558600Z         	Messages:   	package ethclient must not import github.com/ava-labs/subnet-evm/plugin/evm/customtypes, check output of go list -f '{{ .Deps }}' "github.com/ava-labs/subnet-evm/ethclient" 
2025-07-31T20:56:45.8663050Z --- FAIL: TestFeeManagerRegressionMempoolMinFeeAfterRestart (0.09s)
2025-07-31T20:56:45.8777280Z     vm_test.go:3450: 
2025-07-31T20:56:45.8884590Z         	Error Trace:	/Users/runner/work/subnet-evm/subnet-evm/plugin/evm/vm_test.go:3450
2025-07-31T20:56:45.8990980Z         	Error:      	Not equal: 
2025-07-31T20:56:45.9096830Z         	            	expected: commontype.FeeConfig{GasLimit:8000000, TargetBlockRate:0x2faf080, MinBaseFee:50000000, TargetGas:3396, BaseFeeChangeDenominator:3396, MinBlockGasCost:4000000, MaxBlockGasCost:4000000, BlockGasCostStep:500000}
2025-07-31T20:56:45.9219930Z         	            	actual  : commontype.FeeConfig{GasLimit:8000000, TargetBlockRate:0x5, MinBaseFee:50000000, TargetGas:18000000, BaseFeeChangeDenominator:3396, MinBlockGasCost:0, MaxBlockGasCost:4000000, BlockGasCostStep:500000}
2025-07-31T20:56:45.9340840Z         	            	
2025-07-31T20:56:45.9442880Z         	            	Diff:
2025-07-31T20:56:45.9544280Z         	            	--- Expected
2025-07-31T20:56:45.9644570Z         	            	+++ Actual
2025-07-31T20:56:45.9755890Z         	            	@@ -7,3 +7,3 @@
2025-07-31T20:56:45.9847960Z         	            	  }),
2025-07-31T20:56:45.9949930Z         	            	- TargetBlockRate: (uint64) 50000000,
2025-07-31T20:56:46.0053010Z         	            	+ TargetBlockRate: (uint64) 5,
2025-07-31T20:56:46.0154140Z         	            	  MinBaseFee: (*big.Int)({
2025-07-31T20:56:46.0255330Z         	            	@@ -17,3 +17,3 @@
2025-07-31T20:56:46.0357080Z         	            	   abs: (big.nat) (len=1) {
2025-07-31T20:56:46.0457530Z         	            	-   (big.Word) 3396
2025-07-31T20:56:46.0559690Z         	            	+   (big.Word) 18000000
2025-07-31T20:56:46.0660180Z         	            	   }
2025-07-31T20:56:46.0761700Z         	            	@@ -28,5 +28,3 @@
2025-07-31T20:56:46.0884950Z         	            	   neg: (bool) false,
2025-07-31T20:56:46.0990970Z         	            	-  abs: (big.nat) (len=1) {
2025-07-31T20:56:46.1092720Z         	            	-   (big.Word) 4000000
2025-07-31T20:56:46.1207080Z         	            	-  }
2025-07-31T20:56:46.1308800Z         	            	+  abs: (big.nat) <nil>
2025-07-31T20:56:46.1410710Z         	            	  }),
2025-07-31T20:56:46.1513100Z         	Test:       	TestFeeManagerRegressionMempoolMinFeeAfterRestart
2025-07-31T20:56:46.1616790Z --- FAIL: TestFeeManagerChangeFee (0.05s)
2025-07-31T20:56:46.1719400Z     vm_test.go:2654: 
2025-07-31T20:56:46.1821310Z         	Error Trace:	/Users/runner/work/subnet-evm/subnet-evm/plugin/evm/vm_test.go:2654
2025-07-31T20:56:46.1940120Z         	Error:      	Not equal: 
2025-07-31T20:56:46.2043700Z         	            	expected: commontype.FeeConfig{GasLimit:8000000, TargetBlockRate:0x12a05f200, MinBaseFee:5000000000, TargetGas:3396, BaseFeeChangeDenominator:3396, MinBlockGasCost:4000000, MaxBlockGasCost:4000000, BlockGasCostStep:500000}
2025-07-31T20:56:46.2148090Z         	            	actual  : commontype.FeeConfig{GasLimit:8000000, TargetBlockRate:0x5, MinBaseFee:5000000000, TargetGas:18000000, BaseFeeChangeDenominator:3396, MinBlockGasCost:0, MaxBlockGasCost:4000000, BlockGasCostStep:500000}
2025-07-31T20:56:46.2247350Z         	            	
2025-07-31T20:56:46.2348710Z         	            	Diff:
2025-07-31T20:56:46.2450110Z         	            	--- Expected
2025-07-31T20:56:46.2550980Z         	            	+++ Actual
2025-07-31T20:56:46.2651380Z         	            	@@ -7,3 +7,3 @@
2025-07-31T20:56:46.2752520Z         	            	  }),
2025-07-31T20:56:46.2852910Z         	            	- TargetBlockRate: (uint64) 5000000000,
2025-07-31T20:56:46.2953140Z         	            	+ TargetBlockRate: (uint64) 5,
2025-07-31T20:56:46.3054500Z         	            	  MinBaseFee: (*big.Int)({
2025-07-31T20:56:46.3154790Z         	            	@@ -17,3 +17,3 @@
2025-07-31T20:56:46.3256560Z         	            	   abs: (big.nat) (len=1) {
2025-07-31T20:56:46.3357170Z         	            	-   (big.Word) 3396
2025-07-31T20:56:46.3456990Z         	            	+   (big.Word) 18000000
2025-07-31T20:56:46.3558490Z         	            	   }
2025-07-31T20:56:46.3658900Z         	            	@@ -28,5 +28,3 @@
2025-07-31T20:56:46.3759810Z         	            	   neg: (bool) false,
2025-07-31T20:56:46.3860970Z         	            	-  abs: (big.nat) (len=1) {
2025-07-31T20:56:46.3961030Z         	            	-   (big.Word) 4000000
2025-07-31T20:56:46.4062520Z         	            	-  }
2025-07-31T20:56:46.4340300Z         	            	+  abs: (big.nat) <nil>
2025-07-31T20:56:46.4444310Z         	            	  }),
2025-07-31T20:56:46.4560470Z         	Test:       	TestFeeManagerChangeFee
2025-07-31T20:56:46.4678730Z FAIL
2025-07-31T20:56:46.4806100Z coverage: 64.8% of statements
2025-07-31T20:56:46.4927960Z FAIL	github.com/ava-labs/subnet-evm/plugin/evm	147.065s
2025-07-31T20:56:46.5043240Z ok  	github.com/ava-labs/subnet-evm/plugin/evm/blockgascost	1.051s	coverage: 93.3% of statements
2025-07-31T20:56:46.5167360Z ok  	github.com/ava-labs/subnet-evm/plugin/evm/config	1.032s	coverage: 11.1% of statements
2025-07-31T20:56:46.5290120Z ok  	github.com/ava-labs/subnet-evm/plugin/evm/customrawdb	1.059s	coverage: 31.3% of statements
2025-07-31T20:56:46.5419840Z ok  	github.com/ava-labs/subnet-evm/plugin/evm/customtypes	4.444s	coverage: 86.4% of statements
2025-07-31T20:56:46.5542150Z ok  	github.com/ava-labs/subnet-evm/plugin/evm/header	1.153s	coverage: 90.8% of statements
2025-07-31T20:56:46.5664090Z ok  	github.com/ava-labs/subnet-evm/plugin/evm/log	1.159s	coverage: 42.1% of statements
2025-07-31T20:56:46.5764230Z ok  	github.com/ava-labs/subnet-evm/plugin/evm/message	1.168s	coverage: 17.3% of statements
2025-07-31T20:56:46.5864930Z ok  	github.com/ava-labs/subnet-evm/plugin/evm/upgrade/subnetevm	1.038s	coverage: 100.0% of statements
2025-07-31T20:56:46.5966150Z ok  	github.com/ava-labs/subnet-evm/plugin/evm/validators	1.145s	coverage: 18.3% of statements
2025-07-31T20:56:46.6066360Z ok  	github.com/ava-labs/subnet-evm/plugin/evm/validators/state	1.044s	coverage: 72.6% of statements
2025-07-31T20:56:46.6169050Z ok  	github.com/ava-labs/subnet-evm/plugin/evm/validators/state/interfaces	1.166s	coverage: 0.0% of statements [no tests to run]
2025-07-31T20:56:46.6271650Z ok  	github.com/ava-labs/subnet-evm/plugin/evm/validators/uptime	1.114s	coverage: 62.9% of statements
2025-07-31T20:56:46.6371150Z ok  	github.com/ava-labs/subnet-evm/precompile/allowlist	1.173s	coverage: 18.5% of statements
2025-07-31T20:56:46.6473100Z ok  	github.com/ava-labs/subnet-evm/precompile/allowlist/allowlisttest	1.139s	coverage: 88.6% of statements
2025-07-31T20:56:46.6577440Z ok  	github.com/ava-labs/subnet-evm/precompile/contract	1.175s	coverage: 0.0% of statements
2025-07-31T20:56:46.6676770Z ok  	github.com/ava-labs/subnet-evm/precompile/contracts/deployerallowlist/deployerallowlisttest	1.237s	coverage: [no statements]
2025-07-31T20:56:46.6778350Z -test.shuffle 1753995305733258000
2025-07-31T20:56:46.6879930Z --- FAIL: TestFeeManager (0.07s)
2025-07-31T20:56:46.6980530Z     --- FAIL: TestFeeManager/get_fee_config_from_non-enabled_address (0.00s)
2025-07-31T20:56:46.7082170Z         test_precompile.go:83: 
2025-07-31T20:56:46.7185910Z             	Error Trace:	/Users/runner/work/subnet-evm/subnet-evm/precompile/precompiletest/test_precompile.go:83
2025-07-31T20:56:46.7286850Z             	            				/Users/runner/work/subnet-evm/subnet-evm/precompile/precompiletest/test_precompile.go:151
2025-07-31T20:56:46.7387370Z             	Error:      	Not equal: 
2025-07-31T20:56:46.7500160Z             	            	expected: []byte{0x0, 0x0, 0x0, 0x0, 0x0, 0x0, 0x0, 0x0, 0x0, 0x0, 0x0, 0x0, 0x0, 0x0, 0x0, 0x0, 0x0, 0x0, 0x0, 0x0, 0x0, 0x0, 0x0, 0x0, 0x0, 0x0, 0x0, 0x0, 0x0, 0x7a, 0x12, 0x0, 0x0, 0x0, 0x0, 0x0, 0x0, 0x0, 0x0, 0x0, 0x0, 0x0, 0x0, 0x0, 0x0, 0x0, 0x0, 0x0, 0x0, 0x0, 0x0, 0x0, 0x0, 0x0, 0x0, 0x0, 0x0, 0x0, 0x0, 0x0, 0x0, 0x0, 0x0, 0x2, 0x0, 0x0, 0x0, 0x0, 0x0, 0x0, 0x0, 0x0, 0x0, 0x0, 0x0, 0x0, 0x0, 0x0, 0x0, 0x0, 0x0, 0x0, 0x0, 0x0, 0x0, 0x0, 0x0, 0x0, 0x0, 0x0, 0x0, 0x5, 0xd2, 0x1d, 0xba, 0x0, 0x0, 0x0, 0x0, 0x0, 0x0, 0x0, 0x0, 0x0, 0x0, 0x0, 0x0, 0x0, 0x0, 0x0, 0x0, 0x0, 0x0, 0x0, 0x0, 0x0, 0x0, 0x0, 0x0, 0x0, 0x0, 0x0, 0x0, 0x0, 0x0, 0xe4, 0xe1, 0xc0, 0x0, 0x0, 0x0, 0x0, 0x0, 0x0, 0x0, 0x0, 0x0, 0x0, 0x0, 0x0, 0x0, 0x0, 0x0, 0x0, 0x0, 0x0, 0x0, 0x0, 0x0, 0x0, 0x0, 0x0, 0x0, 0x0, 0x0, 0x0, 0x0, 0x0, 0x0, 0x24, 0x0, 0x0, 0x0, 0x0, 0x0, 0x0, 0x0, 0x0, 0x0, 0x0, 0x0, 0x0, 0x0, 0x0, 0x0, 0x0, 0x0, 0x0, 0x0, 0x0, 0x0, 0x0, 0x0, 0x0, 0x0, 0x0, 0x0, 0x0, 0x0, 0x0, 0x0, 0x0, 0x0, 0x0, 0x0, 0x0, 0x0, 0x0, 0x0, 0x0, 0x0, 0x0, 0x0, 0x0, 0x0, 0x0, 0x0, 0x0, 0x0, 0x0, 0x0, 0x0, 0x0, 0x0, 0x0, 0x0, 0x0, 0x0, 0x0, 0x0, 0x0, 0xf, 0x42, 0x40, 0x0, 0x0, 0x0, 0x0, 0x0, 0x0, 0x0, 0x0, 0x0, 0x0, 0x0, 0x0, 0x0, 0x0, 0x0, 0x0, 0x0, 0x0, 0x0, 0x0, 0x0, 0x0, 0x0, 0x0, 0x0, 0x0, 0x0, 0x0, 0x0, 0x3, 0xd, 0x40}
2025-07-31T20:56:46.7601050Z             	            	actual  : []byte{0x0, 0x0, 0x0, 0x0, 0x0, 0x0, 0x0, 0x0, 0x0, 0x0, 0x0, 0x0, 0x0, 0x0, 0x0, 0x0, 0x0, 0x0, 0x0, 0x0, 0x0, 0x0, 0x0, 0x0, 0x0, 0x0, 0x0, 0x0, 0x0, 0x7a, 0x12, 0x0, 0x0, 0x0, 0x0, 0x0, 0x0, 0x0, 0x0, 0x0, 0x0, 0x0, 0x0, 0x0, 0x0, 0x0, 0x0, 0x0, 0x0, 0x0, 0x0, 0x0, 0x0, 0x0, 0x0, 0x0, 0x0, 0x0, 0x0, 0x5, 0xd2, 0x1d, 0xba, 0x0, 0x0, 0x0, 0x0, 0x0, 0x0, 0x0, 0x0, 0x0, 0x0, 0x0, 0x0, 0x0, 0x0, 0x0, 0x0, 0x0, 0x0, 0x0, 0x0, 0x0, 0x0, 0x0, 0x0, 0x0, 0x0, 0x0, 0x0, 0x5, 0xd2, 0x1d, 0xba, 0x0, 0x0, 0x0, 0x0, 0x0, 0x0, 0x0, 0x0, 0x0, 0x0, 0x0, 0x0, 0x0, 0x0, 0x0, 0x0, 0x0, 0x0, 0x0, 0x0, 0x0, 0x0, 0x0, 0x0, 0x0, 0x0, 0x0, 0x0, 0x0, 0x0, 0x0, 0x0, 0x24, 0x0, 0x0, 0x0, 0x0, 0x0, 0x0, 0x0, 0x0, 0x0, 0x0, 0x0, 0x0, 0x0, 0x0, 0x0, 0x0, 0x0, 0x0, 0x0, 0x0, 0x0, 0x0, 0x0, 0x0, 0x0, 0x0, 0x0, 0x0, 0x0, 0x0, 0x0, 0x24, 0x0, 0x0, 0x0, 0x0, 0x0, 0x0, 0x0, 0x0, 0x0, 0x0, 0x0, 0x0, 0x0, 0x0, 0x0, 0x0, 0x0, 0x0, 0x0, 0x0, 0x0, 0x0, 0x0, 0x0, 0x0, 0x0, 0x0, 0x0, 0x0, 0xf, 0x42, 0x40, 0x0, 0x0, 0x0, 0x0, 0x0, 0x0, 0x0, 0x0, 0x0, 0x0, 0x0, 0x0, 0x0, 0x0, 0x0, 0x0, 0x0, 0x0, 0x0, 0x0, 0x0, 0x0, 0x0, 0x0, 0x0, 0x0, 0x0, 0x0, 0x0, 0xf, 0x42, 0x40, 0x0, 0x0, 0x0, 0x0, 0x0, 0x0, 0x0, 0x0, 0x0, 0x0, 0x0, 0x0, 0x0, 0x0, 0x0, 0x0, 0x0, 0x0, 0x0, 0x0, 0x0, 0x0, 0x0, 0x0, 0x0, 0x0, 0x0, 0x0, 0x0, 0x3, 0xd, 0x40}
2025-07-31T20:56:46.7689380Z             	            	
2025-07-31T20:56:46.7791040Z             	            	Diff:
2025-07-31T20:56:46.7892360Z             	            	--- Expected
2025-07-31T20:56:46.7993760Z             	            	+++ Actual
2025-07-31T20:56:46.8095200Z             	            	@@ -4,3 +4,3 @@
2025-07-31T20:56:46.8196990Z             	            	  00000020  00 00 00 00 00 00 00 00  00 00 00 00 00 00 00 00  |................|
2025-07-31T20:56:46.8298970Z             	            	- 00000030  00 00 00 00 00 00 00 00  00 00 00 00 00 00 00 02  |................|
2025-07-31T20:56:46.8404100Z             	            	+ 00000030  00 00 00 00 00 00 00 00  00 00 00 05 d2 1d ba 00  |................|
2025-07-31T20:56:46.8506260Z             	            	  00000040  00 00 00 00 00 00 00 00  00 00 00 00 00 00 00 00  |................|
2025-07-31T20:56:46.8629400Z             	            	@@ -8,3 +8,3 @@
2025-07-31T20:56:46.8740300Z             	            	  00000060  00 00 00 00 00 00 00 00  00 00 00 00 00 00 00 00  |................|
2025-07-31T20:56:46.8861130Z             	            	- 00000070  00 00 00 00 00 00 00 00  00 00 00 00 00 e4 e1 c0  |................|
2025-07-31T20:56:46.8963190Z             	            	+ 00000070  00 00 00 00 00 00 00 00  00 00 00 00 00 00 00 24  |...............$|
2025-07-31T20:56:46.9065370Z             	            	  00000080  00 00 00 00 00 00 00 00  00 00 00 00 00 00 00 00  |................|
2025-07-31T20:56:46.9191740Z             	            	@@ -12,3 +12,3 @@
2025-07-31T20:56:46.9294190Z             	            	  000000a0  00 00 00 00 00 00 00 00  00 00 00 00 00 00 00 00  |................|
2025-07-31T20:56:46.9396970Z             	            	- 000000b0  00 00 00 00 00 00 00 00  00 00 00 00 00 00 00 00  |................|
2025-07-31T20:56:46.9498770Z             	            	+ 000000b0  00 00 00 00 00 00 00 00  00 00 00 00 00 0f 42 40  |..............B@|
2025-07-31T20:56:46.9600500Z             	            	  000000c0  00 00 00 00 00 00 00 00  00 00 00 00 00 00 00 00  |................|
2025-07-31T20:56:46.9701830Z             	Test:       	TestFeeManager/get_fee_config_from_non-enabled_address
2025-07-31T20:56:46.9803720Z     --- FAIL: TestFeeManager/set_invalid_config_from_enabled_address (0.00s)
2025-07-31T20:56:46.9905240Z         contract_test.go:131: 
2025-07-31T20:56:47.0015650Z             	Error Trace:	/Users/runner/work/subnet-evm/subnet-evm/precompile/contracts/feemanager/contract_test.go:131
2025-07-31T20:56:47.0117670Z             	            				/Users/runner/work/subnet-evm/subnet-evm/precompile/precompiletest/test_precompile.go:87
2025-07-31T20:56:47.0219700Z             	            				/Users/runner/work/subnet-evm/subnet-evm/precompile/precompiletest/test_precompile.go:151
2025-07-31T20:56:47.0320720Z             	Error:      	Not equal: 
2025-07-31T20:56:47.0423740Z             	            	expected: commontype.FeeConfig{GasLimit:8000000, TargetBlockRate:0x2, MinBaseFee:25000000000, TargetGas:15000000, BaseFeeChangeDenominator:36, MinBlockGasCost:0, MaxBlockGasCost:1000000, BlockGasCostStep:200000}
2025-07-31T20:56:47.0528680Z             	            	actual  : commontype.FeeConfig{GasLimit:8000000, TargetBlockRate:0x5d21dba00, MinBaseFee:25000000000, TargetGas:36, BaseFeeChangeDenominator:36, MinBlockGasCost:1000000, MaxBlockGasCost:1000000, BlockGasCostStep:200000}
2025-07-31T20:56:47.0637290Z             	            	
2025-07-31T20:56:47.0738210Z             	            	Diff:
2025-07-31T20:56:47.0857830Z             	            	--- Expected
2025-07-31T20:56:47.0958960Z             	            	+++ Actual
2025-07-31T20:56:47.1059970Z             	            	@@ -7,3 +7,3 @@
2025-07-31T20:56:47.1174880Z             	            	  }),
2025-07-31T20:56:47.1306810Z             	            	- TargetBlockRate: (uint64) 2,
2025-07-31T20:56:47.1441170Z             	            	+ TargetBlockRate: (uint64) 25000000000,
2025-07-31T20:56:47.1581340Z             	            	  MinBaseFee: (*big.Int)({
2025-07-31T20:56:47.1728550Z             	            	@@ -17,3 +17,3 @@
2025-07-31T20:56:47.1840420Z             	            	   abs: (big.nat) (len=1) {
2025-07-31T20:56:47.1949790Z             	            	-   (big.Word) 15000000
2025-07-31T20:56:47.2050870Z             	            	+   (big.Word) 36
2025-07-31T20:56:47.2151740Z             	            	   }
2025-07-31T20:56:47.2152230Z             	            	@@ -28,3 +28,5 @@
2025-07-31T20:56:47.2161020Z             	            	   neg: (bool) false,
2025-07-31T20:56:47.2264810Z             	            	-  abs: (big.nat) <nil>
2025-07-31T20:56:47.2372660Z             	            	+  abs: (big.nat) (len=1) {
2025-07-31T20:56:47.2473840Z             	            	+   (big.Word) 1000000
2025-07-31T20:56:47.2574830Z             	            	+  }
2025-07-31T20:56:47.2655120Z             	            	  }),
2025-07-31T20:56:47.2656130Z             	Test:       	TestFeeManager/set_invalid_config_from_enabled_address
2025-07-31T20:56:47.2657120Z     --- FAIL: TestFeeManager/set_config_from_enabled_address_succeeds_and_emits_logs (0.00s)
2025-07-31T20:56:47.2657720Z         contract_test.go:86: 
2025-07-31T20:56:47.2658760Z             	Error Trace:	/Users/runner/work/subnet-evm/subnet-evm/precompile/contracts/feemanager/contract_test.go:86
2025-07-31T20:56:47.2660570Z             	            				/Users/runner/work/subnet-evm/subnet-evm/precompile/precompiletest/test_precompile.go:87
2025-07-31T20:56:47.2662210Z             	            				/Users/runner/work/subnet-evm/subnet-evm/precompile/precompiletest/test_precompile.go:151
2025-07-31T20:56:47.2663140Z             	Error:      	Not equal: 
2025-07-31T20:56:47.2665860Z             	            	expected: commontype.FeeConfig{GasLimit:8000000, TargetBlockRate:0x2, MinBaseFee:25000000000, TargetGas:15000000, BaseFeeChangeDenominator:36, MinBlockGasCost:0, MaxBlockGasCost:1000000, BlockGasCostStep:200000}
2025-07-31T20:56:47.2669340Z             	            	actual  : commontype.FeeConfig{GasLimit:8000000, TargetBlockRate:0x5d21dba00, MinBaseFee:25000000000, TargetGas:36, BaseFeeChangeDenominator:36, MinBlockGasCost:1000000, MaxBlockGasCost:1000000, BlockGasCostStep:200000}
2025-07-31T20:56:47.2670690Z             	            	
2025-07-31T20:56:47.2671190Z             	            	Diff:
2025-07-31T20:56:47.2671710Z             	            	--- Expected
2025-07-31T20:56:47.2672220Z             	            	+++ Actual
2025-07-31T20:56:47.2672810Z             	            	@@ -7,3 +7,3 @@
2025-07-31T20:56:47.2673270Z             	            	  }),
2025-07-31T20:56:47.2674800Z             	            	- TargetBlockRate: (uint64) 2,
2025-07-31T20:56:47.2675670Z             	            	+ TargetBlockRate: (uint64) 25000000000,
2025-07-31T20:56:47.2676370Z             	            	  MinBaseFee: (*big.Int)({
2025-07-31T20:56:47.2676950Z             	            	@@ -17,3 +17,3 @@
2025-07-31T20:56:47.2677640Z             	            	   abs: (big.nat) (len=1) {
2025-07-31T20:56:47.2678410Z             	            	-   (big.Word) 15000000
2025-07-31T20:56:47.2679700Z             	            	+   (big.Word) 36
2025-07-31T20:56:47.2680190Z             	            	   }
2025-07-31T20:56:47.2680760Z             	            	@@ -28,3 +28,5 @@
2025-07-31T20:56:47.2681400Z             	            	   neg: (bool) false,
2025-07-31T20:56:47.2682080Z             	            	-  abs: (big.nat) <nil>
2025-07-31T20:56:47.2682760Z             	            	+  abs: (big.nat) (len=1) {
2025-07-31T20:56:47.2683380Z             	            	+   (big.Word) 1000000
2025-07-31T20:56:47.2684530Z             	            	+  }
2025-07-31T20:56:47.2684990Z             	            	  }),
2025-07-31T20:56:47.2685770Z             	Test:       	TestFeeManager/set_config_from_enabled_address_succeeds_and_emits_logs
2025-07-31T20:56:47.2686460Z     --- FAIL: TestFeeManager/get_last_changed_at_from_non-enabled_address (0.00s)
2025-07-31T20:56:47.2686990Z         contract_test.go:247: 
2025-07-31T20:56:47.2688000Z             	Error Trace:	/Users/runner/work/subnet-evm/subnet-evm/precompile/contracts/feemanager/contract_test.go:247
2025-07-31T20:56:47.2690150Z             	            				/Users/runner/work/subnet-evm/subnet-evm/precompile/precompiletest/test_precompile.go:87
2025-07-31T20:56:47.2691860Z             	            				/Users/runner/work/subnet-evm/subnet-evm/precompile/precompiletest/test_precompile.go:151
2025-07-31T20:56:47.2692450Z             	Error:      	Not equal: 
2025-07-31T20:56:47.2696230Z             	            	expected: commontype.FeeConfig{GasLimit:8000000, TargetBlockRate:0x2, MinBaseFee:25000000000, TargetGas:15000000, BaseFeeChangeDenominator:36, MinBlockGasCost:0, MaxBlockGasCost:1000000, BlockGasCostStep:200000}
2025-07-31T20:56:47.2699490Z             	            	actual  : commontype.FeeConfig{GasLimit:8000000, TargetBlockRate:0x5d21dba00, MinBaseFee:25000000000, TargetGas:36, BaseFeeChangeDenominator:36, MinBlockGasCost:1000000, MaxBlockGasCost:1000000, BlockGasCostStep:200000}
2025-07-31T20:56:47.2700360Z             	            	
2025-07-31T20:56:47.2700750Z             	            	Diff:
2025-07-31T20:56:47.2701330Z             	            	--- Expected
2025-07-31T20:56:47.2701850Z             	            	+++ Actual
2025-07-31T20:56:47.2702400Z             	            	@@ -7,3 +7,3 @@
2025-07-31T20:56:47.2703830Z             	            	  }),
2025-07-31T20:56:47.2704520Z             	            	- TargetBlockRate: (uint64) 2,
2025-07-31T20:56:47.2705360Z             	            	+ TargetBlockRate: (uint64) 25000000000,
2025-07-31T20:56:47.2706140Z             	            	  MinBaseFee: (*big.Int)({
2025-07-31T20:56:47.2810910Z             	            	@@ -17,3 +17,3 @@
2025-07-31T20:56:47.2812010Z             	            	   abs: (big.nat) (len=1) {
2025-07-31T20:56:47.2922980Z             	            	-   (big.Word) 15000000
2025-07-31T20:56:47.3026800Z             	            	+   (big.Word) 36
2025-07-31T20:56:47.3044100Z             	            	   }
2025-07-31T20:56:47.3145000Z             	            	@@ -28,3 +28,5 @@
2025-07-31T20:56:47.3156540Z             	            	   neg: (bool) false,
2025-07-31T20:56:47.3257600Z             	            	-  abs: (big.nat) <nil>
2025-07-31T20:56:47.3370810Z             	            	+  abs: (big.nat) (len=1) {
2025-07-31T20:56:47.3491420Z             	            	+   (big.Word) 1000000
2025-07-31T20:56:47.3609060Z             	            	+  }
2025-07-31T20:56:47.3662600Z             	            	  }),
2025-07-31T20:56:47.3669210Z             	Test:       	TestFeeManager/get_last_changed_at_from_non-enabled_address
2025-07-31T20:56:47.3754950Z     --- FAIL: TestFeeManager/set_config_from_admin_address (0.00s)
2025-07-31T20:56:47.3857850Z         contract_test.go:152: 
2025-07-31T20:56:47.3940080Z             	Error Trace:	/Users/runner/work/subnet-evm/subnet-evm/precompile/contracts/feemanager/contract_test.go:152
2025-07-31T20:56:47.4051010Z             	            				/Users/runner/work/subnet-evm/subnet-evm/precompile/precompiletest/test_precompile.go:87
2025-07-31T20:56:47.4175720Z             	            				/Users/runner/work/subnet-evm/subnet-evm/precompile/precompiletest/test_precompile.go:151
2025-07-31T20:56:47.4197820Z             	Error:      	Not equal: 
2025-07-31T20:56:47.4206310Z             	            	expected: commontype.FeeConfig{GasLimit:8000000, TargetBlockRate:0x2, MinBaseFee:25000000000, TargetGas:15000000, BaseFeeChangeDenominator:36, MinBlockGasCost:0, MaxBlockGasCost:1000000, BlockGasCostStep:200000}
2025-07-31T20:56:47.4289650Z             	            	actual  : commontype.FeeConfig{GasLimit:8000000, TargetBlockRate:0x5d21dba00, MinBaseFee:25000000000, TargetGas:36, BaseFeeChangeDenominator:36, MinBlockGasCost:1000000, MaxBlockGasCost:1000000, BlockGasCostStep:200000}
2025-07-31T20:56:47.4372010Z             	            	
2025-07-31T20:56:47.4485510Z             	            	Diff:
2025-07-31T20:56:47.4587090Z             	            	--- Expected
2025-07-31T20:56:47.4689220Z             	            	+++ Actual
2025-07-31T20:56:47.4791440Z             	            	@@ -7,3 +7,3 @@
2025-07-31T20:56:47.4820870Z             	            	  }),
2025-07-31T20:56:47.4822990Z             	            	- TargetBlockRate: (uint64) 2,
2025-07-31T20:56:47.4824320Z             	            	+ TargetBlockRate: (uint64) 25000000000,
2025-07-31T20:56:47.4826160Z             	            	  MinBaseFee: (*big.Int)({
2025-07-31T20:56:47.4827700Z             	            	@@ -17,3 +17,3 @@
2025-07-31T20:56:47.4828790Z             	            	   abs: (big.nat) (len=1) {
2025-07-31T20:56:47.4830410Z             	            	-   (big.Word) 15000000
2025-07-31T20:56:47.4832090Z             	            	+   (big.Word) 36
2025-07-31T20:56:47.4832780Z             	            	   }
2025-07-31T20:56:47.4834560Z             	            	@@ -28,3 +28,5 @@
2025-07-31T20:56:47.4836230Z             	            	   neg: (bool) false,
2025-07-31T20:56:47.4837030Z             	            	-  abs: (big.nat) <nil>
2025-07-31T20:56:47.4838590Z             	            	+  abs: (big.nat) (len=1) {
2025-07-31T20:56:47.4840340Z             	            	+   (big.Word) 1000000
2025-07-31T20:56:47.4841420Z             	            	+  }
2025-07-31T20:56:47.4842280Z             	            	  }),
2025-07-31T20:56:47.4844510Z             	Test:       	TestFeeManager/set_config_from_admin_address
2025-07-31T20:56:47.4845390Z     --- FAIL: TestFeeManager/setFeeConfig_regression_test_should_succeed_after_Durango (0.00s)
2025-07-31T20:56:47.4846680Z         contract_test.go:394: 
2025-07-31T20:56:47.4849210Z             	Error Trace:	/Users/runner/work/subnet-evm/subnet-evm/precompile/contracts/feemanager/contract_test.go:394
2025-07-31T20:56:47.4852320Z             	            				/Users/runner/work/subnet-evm/subnet-evm/precompile/precompiletest/test_precompile.go:87
2025-07-31T20:56:47.4854000Z             	            				/Users/runner/work/subnet-evm/subnet-evm/precompile/precompiletest/test_precompile.go:151
2025-07-31T20:56:47.4855480Z             	Error:      	Not equal: 
2025-07-31T20:56:47.4859270Z             	            	expected: commontype.FeeConfig{GasLimit:25000000, TargetBlockRate:0x2, MinBaseFee:5000000000, TargetGas:75000000, BaseFeeChangeDenominator:84, MinBlockGasCost:0, MaxBlockGasCost:2000000000000000000, BlockGasCostStep:1000000000000000000}
2025-07-31T20:56:47.4863450Z             	            	actual  : commontype.FeeConfig{GasLimit:25000000, TargetBlockRate:0x12a05f200, MinBaseFee:5000000000, TargetGas:84, BaseFeeChangeDenominator:84, MinBlockGasCost:2000000000000000000, MaxBlockGasCost:2000000000000000000, BlockGasCostStep:1000000000000000000}
2025-07-31T20:56:47.4864920Z             	            	
2025-07-31T20:56:47.4866340Z             	            	Diff:
2025-07-31T20:56:47.4867210Z             	            	--- Expected
2025-07-31T20:56:47.4869260Z             	            	+++ Actual
2025-07-31T20:56:47.4870890Z             	            	@@ -7,3 +7,3 @@
2025-07-31T20:56:47.4871990Z             	            	  }),
2025-07-31T20:56:47.4873560Z             	            	- TargetBlockRate: (uint64) 2,
2025-07-31T20:56:47.4875410Z             	            	+ TargetBlockRate: (uint64) 5000000000,
2025-07-31T20:56:47.4876240Z             	            	  MinBaseFee: (*big.Int)({
2025-07-31T20:56:47.4877110Z             	            	@@ -17,3 +17,3 @@
2025-07-31T20:56:47.4893960Z             	            	   abs: (big.nat) (len=1) {
2025-07-31T20:56:47.4895130Z             	            	-   (big.Word) 75000000
2025-07-31T20:56:47.4896290Z             	            	+   (big.Word) 84
2025-07-31T20:56:47.4897900Z             	            	   }
2025-07-31T20:56:47.4898920Z             	            	@@ -28,3 +28,5 @@
2025-07-31T20:56:47.4900680Z             	            	   neg: (bool) false,
2025-07-31T20:56:47.4902490Z             	            	-  abs: (big.nat) <nil>
2025-07-31T20:56:47.4903280Z             	            	+  abs: (big.nat) (len=1) {
2025-07-31T20:56:47.4904950Z             	            	+   (big.Word) 2000000000000000000
2025-07-31T20:56:47.4906460Z             	            	+  }
2025-07-31T20:56:47.4940360Z             	            	  }),
2025-07-31T20:56:47.4942320Z             	Test:       	TestFeeManager/setFeeConfig_regression_test_should_succeed_after_Durango
2025-07-31T20:56:47.4942900Z     --- FAIL: TestFeeManager/set_config_from_manager_succeeds (0.00s)
2025-07-31T20:56:47.5027710Z         contract_test.go:106: 
2025-07-31T20:56:47.5028840Z             	Error Trace:	/Users/runner/work/subnet-evm/subnet-evm/precompile/contracts/feemanager/contract_test.go:106
2025-07-31T20:56:47.5030950Z             	            				/Users/runner/work/subnet-evm/subnet-evm/precompile/precompiletest/test_precompile.go:87
2025-07-31T20:56:47.5032750Z             	            				/Users/runner/work/subnet-evm/subnet-evm/precompile/precompiletest/test_precompile.go:151
2025-07-31T20:56:47.5033760Z             	Error:      	Not equal: 
2025-07-31T20:56:47.5037720Z             	            	expected: commontype.FeeConfig{GasLimit:8000000, TargetBlockRate:0x2, MinBaseFee:25000000000, TargetGas:15000000, BaseFeeChangeDenominator:36, MinBlockGasCost:0, MaxBlockGasCost:1000000, BlockGasCostStep:200000}
2025-07-31T20:56:47.5042130Z             	            	actual  : commontype.FeeConfig{GasLimit:8000000, TargetBlockRate:0x5d21dba00, MinBaseFee:25000000000, TargetGas:36, BaseFeeChangeDenominator:36, MinBlockGasCost:1000000, MaxBlockGasCost:1000000, BlockGasCostStep:200000}
2025-07-31T20:56:47.5043860Z             	            	
2025-07-31T20:56:47.5044590Z             	            	Diff:
2025-07-31T20:56:47.5076990Z             	            	--- Expected
2025-07-31T20:56:47.5081120Z             	            	+++ Actual
2025-07-31T20:56:47.5081670Z             	            	@@ -7,3 +7,3 @@
2025-07-31T20:56:47.5094600Z             	            	  }),
2025-07-31T20:56:47.5095900Z             	            	- TargetBlockRate: (uint64) 2,
2025-07-31T20:56:47.5096970Z             	            	+ TargetBlockRate: (uint64) 25000000000,
2025-07-31T20:56:47.5098090Z             	            	  MinBaseFee: (*big.Int)({
2025-07-31T20:56:47.5099720Z             	            	@@ -17,3 +17,3 @@
2025-07-31T20:56:47.5101110Z             	            	   abs: (big.nat) (len=1) {
2025-07-31T20:56:47.5102220Z             	            	-   (big.Word) 15000000
2025-07-31T20:56:47.5103690Z             	            	+   (big.Word) 36
2025-07-31T20:56:47.5105020Z             	            	   }
2025-07-31T20:56:47.5105830Z             	            	@@ -28,3 +28,5 @@
2025-07-31T20:56:47.5107440Z             	            	   neg: (bool) false,
2025-07-31T20:56:47.5109130Z             	            	-  abs: (big.nat) <nil>
2025-07-31T20:56:47.5109760Z             	            	+  abs: (big.nat) (len=1) {
2025-07-31T20:56:47.5111380Z             	            	+   (big.Word) 1000000
2025-07-31T20:56:47.5112750Z             	            	+  }
2025-07-31T20:56:47.5113470Z             	            	  }),
2025-07-31T20:56:47.5115250Z             	Test:       	TestFeeManager/set_config_from_manager_succeeds
2025-07-31T20:56:47.5116960Z     --- FAIL: TestFeeManager/set_config_with_extra_padded_bytes_should_succeed_with_Durango (0.00s)
2025-07-31T20:56:47.5117550Z         contract_test.go:350: 
2025-07-31T20:56:47.5119510Z             	Error Trace:	/Users/runner/work/subnet-evm/subnet-evm/precompile/contracts/feemanager/contract_test.go:350
2025-07-31T20:56:47.5121990Z             	            				/Users/runner/work/subnet-evm/subnet-evm/precompile/precompiletest/test_precompile.go:87
2025-07-31T20:56:47.5124160Z             	            				/Users/runner/work/subnet-evm/subnet-evm/precompile/precompiletest/test_precompile.go:151
2025-07-31T20:56:47.5125190Z             	Error:      	Not equal: 
2025-07-31T20:56:47.5128830Z             	            	expected: commontype.FeeConfig{GasLimit:8000000, TargetBlockRate:0x2, MinBaseFee:25000000000, TargetGas:15000000, BaseFeeChangeDenominator:36, MinBlockGasCost:0, MaxBlockGasCost:1000000, BlockGasCostStep:200000}
2025-07-31T20:56:47.5132600Z             	            	actual  : commontype.FeeConfig{GasLimit:8000000, TargetBlockRate:0x5d21dba00, MinBaseFee:25000000000, TargetGas:36, BaseFeeChangeDenominator:36, MinBlockGasCost:1000000, MaxBlockGasCost:1000000, BlockGasCostStep:200000}
2025-07-31T20:56:47.5133850Z             	            	
2025-07-31T20:56:47.5135290Z             	            	Diff:
2025-07-31T20:56:47.5136960Z             	            	--- Expected
2025-07-31T20:56:47.5137660Z             	            	+++ Actual
2025-07-31T20:56:47.5139050Z             	            	@@ -7,3 +7,3 @@
2025-07-31T20:56:47.5140580Z             	            	  }),
2025-07-31T20:56:47.5141630Z             	            	- TargetBlockRate: (uint64) 2,
2025-07-31T20:56:47.5142960Z             	            	+ TargetBlockRate: (uint64) 25000000000,
2025-07-31T20:56:47.5144350Z             	            	  MinBaseFee: (*big.Int)({
2025-07-31T20:56:47.5145470Z             	            	@@ -17,3 +17,3 @@
2025-07-31T20:56:47.5146340Z             	            	   abs: (big.nat) (len=1) {
2025-07-31T20:56:47.5147880Z             	            	-   (big.Word) 15000000
2025-07-31T20:56:47.5149100Z             	            	+   (big.Word) 36
2025-07-31T20:56:47.5149630Z             	            	   }
2025-07-31T20:56:47.5151120Z             	            	@@ -28,3 +28,5 @@
2025-07-31T20:56:47.5152740Z             	            	   neg: (bool) false,
2025-07-31T20:56:47.5153740Z             	            	-  abs: (big.nat) <nil>
2025-07-31T20:56:47.5155000Z             	            	+  abs: (big.nat) (len=1) {
2025-07-31T20:56:47.5156460Z             	            	+   (big.Word) 1000000
2025-07-31T20:56:47.5157210Z             	            	+  }
2025-07-31T20:56:47.5158310Z             	            	  }),
2025-07-31T20:56:47.5160350Z             	Test:       	TestFeeManager/set_config_with_extra_padded_bytes_should_succeed_with_Durango
2025-07-31T20:56:47.5161360Z     --- FAIL: TestFeeManager/get_initial_fee_config (0.00s)
2025-07-31T20:56:47.5162000Z         test_precompile.go:83: 
2025-07-31T20:56:47.5164290Z             	Error Trace:	/Users/runner/work/subnet-evm/subnet-evm/precompile/precompiletest/test_precompile.go:83
2025-07-31T20:56:47.5166010Z             	            				/Users/runner/work/subnet-evm/subnet-evm/precompile/precompiletest/test_precompile.go:151
2025-07-31T20:56:47.5167620Z             	Error:      	Not equal: 
2025-07-31T20:56:47.5181390Z             	            	expected: []byte{0x0, 0x0, 0x0, 0x0, 0x0, 0x0, 0x0, 0x0, 0x0, 0x0, 0x0, 0x0, 0x0, 0x0, 0x0, 0x0, 0x0, 0x0, 0x0, 0x0, 0x0, 0x0, 0x0, 0x0, 0x0, 0x0, 0x0, 0x0, 0x0, 0x7a, 0x12, 0x0, 0x0, 0x0, 0x0, 0x0, 0x0, 0x0, 0x0, 0x0, 0x0, 0x0, 0x0, 0x0, 0x0, 0x0, 0x0, 0x0, 0x0, 0x0, 0x0, 0x0, 0x0, 0x0, 0x0, 0x0, 0x0, 0x0, 0x0, 0x0, 0x0, 0x0, 0x0, 0x2, 0x0, 0x0, 0x0, 0x0, 0x0, 0x0, 0x0, 0x0, 0x0, 0x0, 0x0, 0x0, 0x0, 0x0, 0x0, 0x0, 0x0, 0x0, 0x0, 0x0, 0x0, 0x0, 0x0, 0x0, 0x0, 0x0, 0x0, 0x5, 0xd2, 0x1d, 0xba, 0x0, 0x0, 0x0, 0x0, 0x0, 0x0, 0x0, 0x0, 0x0, 0x0, 0x0, 0x0, 0x0, 0x0, 0x0, 0x0, 0x0, 0x0, 0x0, 0x0, 0x0, 0x0, 0x0, 0x0, 0x0, 0x0, 0x0, 0x0, 0x0, 0x0, 0xe4, 0xe1, 0xc0, 0x0, 0x0, 0x0, 0x0, 0x0, 0x0, 0x0, 0x0, 0x0, 0x0, 0x0, 0x0, 0x0, 0x0, 0x0, 0x0, 0x0, 0x0, 0x0, 0x0, 0x0, 0x0, 0x0, 0x0, 0x0, 0x0, 0x0, 0x0, 0x0, 0x0, 0x0, 0x24, 0x0, 0x0, 0x0, 0x0, 0x0, 0x0, 0x0, 0x0, 0x0, 0x0, 0x0, 0x0, 0x0, 0x0, 0x0, 0x0, 0x0, 0x0, 0x0, 0x0, 0x0, 0x0, 0x0, 0x0, 0x0, 0x0, 0x0, 0x0, 0x0, 0x0, 0x0, 0x0, 0x0, 0x0, 0x0, 0x0, 0x0, 0x0, 0x0, 0x0, 0x0, 0x0, 0x0, 0x0, 0x0, 0x0, 0x0, 0x0, 0x0, 0x0, 0x0, 0x0, 0x0, 0x0, 0x0, 0x0, 0x0, 0x0, 0x0, 0x0, 0x0, 0xf, 0x42, 0x40, 0x0, 0x0, 0x0, 0x0, 0x0, 0x0, 0x0, 0x0, 0x0, 0x0, 0x0, 0x0, 0x0, 0x0, 0x0, 0x0, 0x0, 0x0, 0x0, 0x0, 0x0, 0x0, 0x0, 0x0, 0x0, 0x0, 0x0, 0x0, 0x0, 0x3, 0xd, 0x40}
2025-07-31T20:56:47.5297090Z             	            	actual  : []byte{0x0, 0x0, 0x0, 0x0, 0x0, 0x0, 0x0, 0x0, 0x0, 0x0, 0x0, 0x0, 0x0, 0x0, 0x0, 0x0, 0x0, 0x0, 0x0, 0x0, 0x0, 0x0, 0x0, 0x0, 0x0, 0x0, 0x0, 0x0, 0x0, 0x7a, 0x12, 0x0, 0x0, 0x0, 0x0, 0x0, 0x0, 0x0, 0x0, 0x0, 0x0, 0x0, 0x0, 0x0, 0x0, 0x0, 0x0, 0x0, 0x0, 0x0, 0x0, 0x0, 0x0, 0x0, 0x0, 0x0, 0x0, 0x0, 0x0, 0x5, 0xd2, 0x1d, 0xba, 0x0, 0x0, 0x0, 0x0, 0x0, 0x0, 0x0, 0x0, 0x0, 0x0, 0x0, 0x0, 0x0, 0x0, 0x0, 0x0, 0x0, 0x0, 0x0, 0x0, 0x0, 0x0, 0x0, 0x0, 0x0, 0x0, 0x0, 0x0, 0x5, 0xd2, 0x1d, 0xba, 0x0, 0x0, 0x0, 0x0, 0x0, 0x0, 0x0, 0x0, 0x0, 0x0, 0x0, 0x0, 0x0, 0x0, 0x0, 0x0, 0x0, 0x0, 0x0, 0x0, 0x0, 0x0, 0x0, 0x0, 0x0, 0x0, 0x0, 0x0, 0x0, 0x0, 0x0, 0x0, 0x24, 0x0, 0x0, 0x0, 0x0, 0x0, 0x0, 0x0, 0x0, 0x0, 0x0, 0x0, 0x0, 0x0, 0x0, 0x0, 0x0, 0x0, 0x0, 0x0, 0x0, 0x0, 0x0, 0x0, 0x0, 0x0, 0x0, 0x0, 0x0, 0x0, 0x0, 0x0, 0x24, 0x0, 0x0, 0x0, 0x0, 0x0, 0x0, 0x0, 0x0, 0x0, 0x0, 0x0, 0x0, 0x0, 0x0, 0x0, 0x0, 0x0, 0x0, 0x0, 0x0, 0x0, 0x0, 0x0, 0x0, 0x0, 0x0, 0x0, 0x0, 0x0, 0xf, 0x42, 0x40, 0x0, 0x0, 0x0, 0x0, 0x0, 0x0, 0x0, 0x0, 0x0, 0x0, 0x0, 0x0, 0x0, 0x0, 0x0, 0x0, 0x0, 0x0, 0x0, 0x0, 0x0, 0x0, 0x0, 0x0, 0x0, 0x0, 0x0, 0x0, 0x0, 0xf, 0x42, 0x40, 0x0, 0x0, 0x0, 0x0, 0x0, 0x0, 0x0, 0x0, 0x0, 0x0, 0x0, 0x0, 0x0, 0x0, 0x0, 0x0, 0x0, 0x0, 0x0, 0x0, 0x0, 0x0, 0x0, 0x0, 0x0, 0x0, 0x0, 0x0, 0x0, 0x3, 0xd, 0x40}
2025-07-31T20:56:47.5355940Z             	            	
2025-07-31T20:56:47.5356470Z             	            	Diff:
2025-07-31T20:56:47.5358930Z             	            	--- Expected
2025-07-31T20:56:47.5372560Z             	            	+++ Actual
2025-07-31T20:56:47.5374850Z             	            	@@ -4,3 +4,3 @@
2025-07-31T20:56:47.5377520Z             	            	  00000020  00 00 00 00 00 00 00 00  00 00 00 00 00 00 00 00  |................|
2025-07-31T20:56:47.5380570Z             	            	- 00000030  00 00 00 00 00 00 00 00  00 00 00 00 00 00 00 02  |................|
2025-07-31T20:56:47.5385020Z             	            	+ 00000030  00 00 00 00 00 00 00 00  00 00 00 05 d2 1d ba 00  |................|
2025-07-31T20:56:47.5386850Z             	            	  00000040  00 00 00 00 00 00 00 00  00 00 00 00 00 00 00 00  |................|
2025-07-31T20:56:47.5389360Z             	            	@@ -8,3 +8,3 @@
2025-07-31T20:56:47.5392200Z             	            	  00000060  00 00 00 00 00 00 00 00  00 00 00 00 00 00 00 00  |................|
2025-07-31T20:56:47.5394850Z             	            	- 00000070  00 00 00 00 00 00 00 00  00 00 00 00 00 e4 e1 c0  |................|
2025-07-31T20:56:47.5397350Z             	            	+ 00000070  00 00 00 00 00 00 00 00  00 00 00 00 00 00 00 24  |...............$|
2025-07-31T20:56:47.5400510Z             	            	  00000080  00 00 00 00 00 00 00 00  00 00 00 00 00 00 00 00  |................|
2025-07-31T20:56:47.5401270Z             	            	@@ -12,3 +12,3 @@
2025-07-31T20:56:47.5405330Z             	            	  000000a0  00 00 00 00 00 00 00 00  00 00 00 00 00 00 00 00  |................|
2025-07-31T20:56:47.5408160Z             	            	- 000000b0  00 00 00 00 00 00 00 00  00 00 00 00 00 00 00 00  |................|
2025-07-31T20:56:47.5409920Z             	            	+ 000000b0  00 00 00 00 00 00 00 00  00 00 00 00 00 0f 42 40  |..............B@|
2025-07-31T20:56:47.5413310Z             	            	  000000c0  00 00 00 00 00 00 00 00  00 00 00 00 00 00 00 00  |................|
2025-07-31T20:56:47.5415930Z             	Test:       	TestFeeManager/get_initial_fee_config
2025-07-31T20:56:47.5416870Z FAIL
2025-07-31T20:56:47.5420160Z coverage: 82.2% of statements
2025-07-31T20:56:47.5420880Z FAIL	github.com/ava-labs/subnet-evm/precompile/contracts/feemanager	0.135s
2025-07-31T20:56:47.5423520Z ok  	github.com/ava-labs/subnet-evm/precompile/contracts/nativeminter	1.207s	coverage: 87.4% of statements
2025-07-31T20:56:47.5425740Z ok  	github.com/ava-labs/subnet-evm/precompile/contracts/rewardmanager	1.197s	coverage: 83.2% of statements
2025-07-31T20:56:47.5428200Z ok  	github.com/ava-labs/subnet-evm/precompile/contracts/txallowlist	1.211s	coverage: 64.7% of statements
2025-07-31T20:56:47.5430230Z ok  	github.com/ava-labs/subnet-evm/precompile/contracts/warp	6.049s	coverage: 76.3% of statements
2025-07-31T20:56:47.5431230Z ok  	github.com/ava-labs/subnet-evm/precompile/modules	1.076s	coverage: 46.9% of statements
2025-07-31T20:56:47.5433680Z ok  	github.com/ava-labs/subnet-evm/precompile/precompileconfig	1.108s	coverage: 0.0% of statements [no tests to run]
2025-07-31T20:56:47.5437170Z ok  	github.com/ava-labs/subnet-evm/predicate	1.173s	coverage: 58.5% of statements
2025-07-31T20:56:47.5437850Z ok  	github.com/ava-labs/subnet-evm/rpc	38.794s	coverage: 83.3% of statements
2025-07-31T20:56:47.5439000Z ok  	github.com/ava-labs/subnet-evm/sync/client	15.986s	coverage: 53.8% of statements
2025-07-31T20:56:47.5439720Z 	github.com/ava-labs/subnet-evm/sync/statesync/statesynctest		coverage: 0.0% of statements
2025-07-31T20:56:47.5441860Z 	github.com/ava-labs/subnet-evm/sync/syncutils		coverage: 0.0% of statements
2025-07-31T20:56:47.5442590Z 	github.com/ava-labs/subnet-evm/triedb/firewood		coverage: 0.0% of statements
2025-07-31T20:56:47.5446080Z 	github.com/ava-labs/subnet-evm/triedb/hashdb		coverage: 0.0% of statements
2025-07-31T20:56:47.9322580Z # github.com/ava-labs/subnet-evm/triedb/pathdb.test
2025-07-31T20:56:47.9525540Z ld: warning: '/private/var/folders/y6/nj790rtn62lfktb1sh__79hc0000gn/T/go-link-1537781108/000070.o' has malformed LC_DYSYMTAB, expected 98 undefined symbols to start at index 1626, found 95 undefined symbols starting at index 1626
2025-07-31T20:57:03.2965410Z ok  	github.com/ava-labs/subnet-evm/sync/handlers	22.546s	coverage: 83.6% of statements
2025-07-31T20:57:04.0187110Z # github.com/ava-labs/subnet-evm/utils.test
2025-07-31T20:57:04.0291800Z ld: warning: '/private/var/folders/y6/nj790rtn62lfktb1sh__79hc0000gn/T/go-link-1824894340/000012.o' has malformed LC_DYSYMTAB, expected 98 undefined symbols to start at index 1626, found 95 undefined symbols starting at index 1626
2025-07-31T20:57:06.3552030Z # github.com/ava-labs/subnet-evm/utils/utilstest.test
2025-07-31T20:57:06.3660430Z ld: warning: '/private/var/folders/y6/nj790rtn62lfktb1sh__79hc0000gn/T/go-link-1817744421/000066.o' has malformed LC_DYSYMTAB, expected 98 undefined symbols to start at index 1626, found 95 undefined symbols starting at index 1626
2025-07-31T20:57:09.2082990Z # github.com/ava-labs/subnet-evm/warp.test
2025-07-31T20:57:09.2185010Z ld: warning: '/private/var/folders/y6/nj790rtn62lfktb1sh__79hc0000gn/T/go-link-3454847136/000068.o' has malformed LC_DYSYMTAB, expected 98 undefined symbols to start at index 1626, found 95 undefined symbols starting at index 1626
2025-07-31T20:57:10.4142230Z 	github.com/ava-labs/subnet-evm/warp/messages		coverage: 0.0% of statements
2025-07-31T20:57:11.4998240Z # github.com/ava-labs/subnet-evm/warp/validators.test
2025-07-31T20:57:11.5122860Z ld: warning: '/private/var/folders/y6/nj790rtn62lfktb1sh__79hc0000gn/T/go-link-1522407821/000066.o' has malformed LC_DYSYMTAB, expected 98 undefined symbols to start at index 1626, found 95 undefined symbols starting at index 1626
2025-07-31T20:57:12.7124780Z 	github.com/ava-labs/subnet-evm/warp/warptest		coverage: 0.0% of statements
2025-07-31T20:57:51.6411960Z ok  	github.com/ava-labs/subnet-evm/sync/statesync	67.392s	coverage: 77.2% of statements
2025-07-31T20:57:51.6412910Z ok  	github.com/ava-labs/subnet-evm/triedb/pathdb	48.747s	coverage: 75.2% of statements
2025-07-31T20:57:51.6413450Z ok  	github.com/ava-labs/subnet-evm/utils	1.153s	coverage: 22.8% of statements
2025-07-31T20:57:51.6414030Z ok  	github.com/ava-labs/subnet-evm/utils/utilstest	1.054s	coverage: 33.3% of statements
2025-07-31T20:57:51.6414520Z ok  	github.com/ava-labs/subnet-evm/warp	1.098s	coverage: 48.0% of statements
2025-07-31T20:57:51.6415020Z ok  	github.com/ava-labs/subnet-evm/warp/validators	1.174s	coverage: 100.0% of statements
2025-07-31T20:57:51.6421860Z FAIL
2025-07-31T20:57:52.3510340Z Unexpected test failures: TestArchiveBlockChain
2025-07-31T20:57:52.3510760Z TestArchiveBlockChainSnapsDisabled
2025-07-31T20:57:52.3511160Z TestBlockChainOfflinePruningUngracefulShutdown
2025-07-31T20:57:52.3511490Z TestCorruptSnapshots
2025-07-31T20:57:52.3511780Z TestEnableSnapshots
2025-07-31T20:57:52.3512420Z TestFeeManager
2025-07-31T20:57:52.3512680Z TestFeeManagerChangeFee
2025-07-31T20:57:52.3513030Z TestFeeManagerRegressionMempoolMinFeeAfterRestart
2025-07-31T20:57:52.3513320Z TestMustNotImport
2025-07-31T20:57:52.3513580Z TestPruningBlockChain
2025-07-31T20:57:52.3513900Z TestPruningBlockChainSnapsDisabled
2025-07-31T20:57:52.3514240Z TestPruningBlockChainUngracefulShutdown
2025-07-31T20:57:52.3514610Z TestPruningBlockChainUngracefulShutdownSnapsDisabled
2025-07-31T20:57:52.3515040Z TestSetupGenesis
2025-07-31T20:57:52.3515230Z TestStorageRangeAt
2025-07-31T20:57:52.3515560Z TestSuggestGasPriceAfterFeeConfigUpdate
2025-07-31T20:57:52.3515830Z TestTxLookupBlockChain
2025-07-31T20:57:52.3516090Z TestTxLookupSkipIndexingBlockChain
2025-07-31T20:57:52.3516450Z TestVerkleGenesisCommit
2025-07-31T20:57:52.3559420Z task: Failed to run task "build-test": exit status 1
2025-07-31T20:57:52.3578930Z exit status 201
2025-07-31T20:57:52.3759590Z ##[error]Process completed with exit code 1.
